[0.551s] DEBUG:colcon:Command line arguments: ['/usr/bin/colcon', 'build']
[0.551s] DEBUG:colcon:Parsed command line arguments: Namespace(log_base=None, log_level=None, verb_name='build', build_base='build', install_base='install', merge_install=False, symlink_install=False, test_result_base=None, continue_on_error=False, executor='parallel', parallel_workers=16, event_handlers=None, ignore_user_meta=False, metas=['./colcon.meta'], base_paths=['.'], packages_ignore=None, packages_ignore_regex=None, paths=None, packages_up_to=None, packages_up_to_regex=None, packages_above=None, packages_above_and_dependencies=None, packages_above_depth=None, packages_select_by_dep=None, packages_skip_by_dep=None, packages_skip_up_to=None, packages_select_build_failed=False, packages_skip_build_finished=False, packages_select_test_failures=False, packages_skip_test_passed=False, packages_select=None, packages_skip=None, packages_select_regex=None, packages_skip_regex=None, packages_start=None, packages_end=None, allow_overriding=[], cmake_args=None, cmake_target=None, cmake_target_skip_unavailable=False, cmake_clean_cache=False, cmake_clean_first=False, cmake_force_configure=False, ament_cmake_args=None, catkin_cmake_args=None, catkin_skip_building_tests=False, verb_parser=<colcon_defaults.argument_parser.defaults.DefaultArgumentsDecorator object at 0x722a759c0940>, verb_extension=<colcon_core.verb.build.BuildVerb object at 0x722a759c3fa0>, main=<bound method BuildVerb.main of <colcon_core.verb.build.BuildVerb object at 0x722a759c3fa0>>)
[0.578s] Level 1:colcon.colcon_core.package_discovery:discover_packages(colcon_meta) check parameters
[0.578s] Level 1:colcon.colcon_core.package_discovery:discover_packages(recursive) check parameters
[0.578s] Level 1:colcon.colcon_core.package_discovery:discover_packages(ignore) check parameters
[0.578s] Level 1:colcon.colcon_core.package_discovery:discover_packages(path) check parameters
[0.578s] Level 1:colcon.colcon_core.package_discovery:discover_packages(colcon_meta) discover
[0.578s] Level 1:colcon.colcon_core.package_discovery:discover_packages(recursive) discover
[0.578s] INFO:colcon.colcon_core.package_discovery:Crawling recursively for packages in '/home/greer92/arduinobot_ws'
[0.578s] Level 1:colcon.colcon_core.package_identification:_identify(.) by extensions ['ignore', 'ignore_ament_install']
[0.578s] Level 1:colcon.colcon_core.package_identification:_identify(.) by extension 'ignore'
[0.578s] Level 1:colcon.colcon_core.package_identification:_identify(.) by extension 'ignore_ament_install'
[0.578s] Level 1:colcon.colcon_core.package_identification:_identify(.) by extensions ['colcon_pkg']
[0.578s] Level 1:colcon.colcon_core.package_identification:_identify(.) by extension 'colcon_pkg'
[0.578s] Level 1:colcon.colcon_core.package_identification:_identify(.) by extensions ['colcon_meta']
[0.578s] Level 1:colcon.colcon_core.package_identification:_identify(.) by extension 'colcon_meta'
[0.578s] Level 1:colcon.colcon_core.package_identification:_identify(.) by extensions ['ros']
[0.578s] Level 1:colcon.colcon_core.package_identification:_identify(.) by extension 'ros'
[0.585s] Level 1:colcon.colcon_core.package_identification:_identify(.) by extensions ['cmake', 'python']
[0.585s] Level 1:colcon.colcon_core.package_identification:_identify(.) by extension 'cmake'
[0.585s] Level 1:colcon.colcon_core.package_identification:_identify(.) by extension 'python'
[0.585s] Level 1:colcon.colcon_core.package_identification:_identify(.) by extensions ['python_setup_py']
[0.586s] Level 1:colcon.colcon_core.package_identification:_identify(.) by extension 'python_setup_py'
[0.586s] Level 1:colcon.colcon_core.package_identification:_identify(build) by extensions ['ignore', 'ignore_ament_install']
[0.586s] Level 1:colcon.colcon_core.package_identification:_identify(build) by extension 'ignore'
[0.586s] Level 1:colcon.colcon_core.package_identification:_identify(build) ignored
[0.586s] Level 1:colcon.colcon_core.package_identification:_identify(install) by extensions ['ignore', 'ignore_ament_install']
[0.586s] Level 1:colcon.colcon_core.package_identification:_identify(install) by extension 'ignore'
[0.586s] Level 1:colcon.colcon_core.package_identification:_identify(install) ignored
[0.586s] Level 1:colcon.colcon_core.package_identification:_identify(log) by extensions ['ignore', 'ignore_ament_install']
[0.586s] Level 1:colcon.colcon_core.package_identification:_identify(log) by extension 'ignore'
[0.586s] Level 1:colcon.colcon_core.package_identification:_identify(log) ignored
[0.586s] Level 1:colcon.colcon_core.package_identification:_identify(src) by extensions ['ignore', 'ignore_ament_install']
[0.586s] Level 1:colcon.colcon_core.package_identification:_identify(src) by extension 'ignore'
[0.586s] Level 1:colcon.colcon_core.package_identification:_identify(src) by extension 'ignore_ament_install'
[0.586s] Level 1:colcon.colcon_core.package_identification:_identify(src) by extensions ['colcon_pkg']
[0.586s] Level 1:colcon.colcon_core.package_identification:_identify(src) by extension 'colcon_pkg'
[0.586s] Level 1:colcon.colcon_core.package_identification:_identify(src) by extensions ['colcon_meta']
[0.586s] Level 1:colcon.colcon_core.package_identification:_identify(src) by extension 'colcon_meta'
[0.586s] Level 1:colcon.colcon_core.package_identification:_identify(src) by extensions ['ros']
[0.587s] Level 1:colcon.colcon_core.package_identification:_identify(src) by extension 'ros'
[0.587s] Level 1:colcon.colcon_core.package_identification:_identify(src) by extensions ['cmake', 'python']
[0.587s] Level 1:colcon.colcon_core.package_identification:_identify(src) by extension 'cmake'
[0.587s] Level 1:colcon.colcon_core.package_identification:_identify(src) by extension 'python'
[0.587s] Level 1:colcon.colcon_core.package_identification:_identify(src) by extensions ['python_setup_py']
[0.587s] Level 1:colcon.colcon_core.package_identification:_identify(src) by extension 'python_setup_py'
[0.587s] Level 1:colcon.colcon_core.package_identification:_identify(src/arduinobot_cpp_example) by extensions ['ignore', 'ignore_ament_install']
[0.587s] Level 1:colcon.colcon_core.package_identification:_identify(src/arduinobot_cpp_example) by extension 'ignore'
[0.587s] Level 1:colcon.colcon_core.package_identification:_identify(src/arduinobot_cpp_example) by extension 'ignore_ament_install'
[0.587s] Level 1:colcon.colcon_core.package_identification:_identify(src/arduinobot_cpp_example) by extensions ['colcon_pkg']
[0.587s] Level 1:colcon.colcon_core.package_identification:_identify(src/arduinobot_cpp_example) by extension 'colcon_pkg'
[0.587s] Level 1:colcon.colcon_core.package_identification:_identify(src/arduinobot_cpp_example) by extensions ['colcon_meta']
[0.587s] Level 1:colcon.colcon_core.package_identification:_identify(src/arduinobot_cpp_example) by extension 'colcon_meta'
[0.587s] Level 1:colcon.colcon_core.package_identification:_identify(src/arduinobot_cpp_example) by extensions ['ros']
[0.587s] Level 1:colcon.colcon_core.package_identification:_identify(src/arduinobot_cpp_example) by extension 'ros'
[0.589s] DEBUG:colcon.colcon_core.package_identification:Package 'src/arduinobot_cpp_example' with type 'ros.ament_cmake' and name 'arduinobot_cpp_example'
[0.589s] Level 1:colcon.colcon_core.package_identification:_identify(src/arduinobot_description) by extensions ['ignore', 'ignore_ament_install']
[0.589s] Level 1:colcon.colcon_core.package_identification:_identify(src/arduinobot_description) by extension 'ignore'
[0.589s] Level 1:colcon.colcon_core.package_identification:_identify(src/arduinobot_description) by extension 'ignore_ament_install'
[0.589s] Level 1:colcon.colcon_core.package_identification:_identify(src/arduinobot_description) by extensions ['colcon_pkg']
[0.589s] Level 1:colcon.colcon_core.package_identification:_identify(src/arduinobot_description) by extension 'colcon_pkg'
[0.589s] Level 1:colcon.colcon_core.package_identification:_identify(src/arduinobot_description) by extensions ['colcon_meta']
[0.589s] Level 1:colcon.colcon_core.package_identification:_identify(src/arduinobot_description) by extension 'colcon_meta'
[0.589s] Level 1:colcon.colcon_core.package_identification:_identify(src/arduinobot_description) by extensions ['ros']
[0.589s] Level 1:colcon.colcon_core.package_identification:_identify(src/arduinobot_description) by extension 'ros'
[0.589s] DEBUG:colcon.colcon_core.package_identification:Package 'src/arduinobot_description' with type 'ros.ament_cmake' and name 'arduinobot_description'
[0.589s] Level 1:colcon.colcon_core.package_identification:_identify(src/arduinobot_py_example) by extensions ['ignore', 'ignore_ament_install']
[0.589s] Level 1:colcon.colcon_core.package_identification:_identify(src/arduinobot_py_example) by extension 'ignore'
[0.590s] Level 1:colcon.colcon_core.package_identification:_identify(src/arduinobot_py_example) by extension 'ignore_ament_install'
[0.590s] Level 1:colcon.colcon_core.package_identification:_identify(src/arduinobot_py_example) by extensions ['colcon_pkg']
[0.590s] Level 1:colcon.colcon_core.package_identification:_identify(src/arduinobot_py_example) by extension 'colcon_pkg'
[0.590s] Level 1:colcon.colcon_core.package_identification:_identify(src/arduinobot_py_example) by extensions ['colcon_meta']
[0.590s] Level 1:colcon.colcon_core.package_identification:_identify(src/arduinobot_py_example) by extension 'colcon_meta'
[0.590s] Level 1:colcon.colcon_core.package_identification:_identify(src/arduinobot_py_example) by extensions ['ros']
[0.590s] Level 1:colcon.colcon_core.package_identification:_identify(src/arduinobot_py_example) by extension 'ros'
[0.590s] DEBUG:colcon.colcon_core.package_identification:Package 'src/arduinobot_py_example' with type 'ros.ament_python' and name 'arduinobot_py_example'
[0.590s] Level 1:colcon.colcon_core.package_discovery:discover_packages(recursive) using defaults
[0.590s] Level 1:colcon.colcon_core.package_discovery:discover_packages(ignore) discover
[0.590s] Level 1:colcon.colcon_core.package_discovery:discover_packages(ignore) using defaults
[0.590s] Level 1:colcon.colcon_core.package_discovery:discover_packages(path) discover
[0.590s] Level 1:colcon.colcon_core.package_discovery:discover_packages(path) using defaults
[0.641s] Level 1:colcon.colcon_core.package_discovery:discover_packages(prefix_path) check parameters
[0.641s] Level 1:colcon.colcon_core.package_discovery:discover_packages(prefix_path) discover
[0.658s] DEBUG:colcon.colcon_installed_package_information.package_discovery:Found 293 installed packages in /opt/ros/humble
[0.659s] Level 1:colcon.colcon_core.package_discovery:discover_packages(prefix_path) using defaults
[0.720s] Level 5:colcon.colcon_core.verb:set package 'arduinobot_cpp_example' build argument 'cmake_args' from command line to 'None'
[0.720s] Level 5:colcon.colcon_core.verb:set package 'arduinobot_cpp_example' build argument 'cmake_target' from command line to 'None'
[0.720s] Level 5:colcon.colcon_core.verb:set package 'arduinobot_cpp_example' build argument 'cmake_target_skip_unavailable' from command line to 'False'
[0.720s] Level 5:colcon.colcon_core.verb:set package 'arduinobot_cpp_example' build argument 'cmake_clean_cache' from command line to 'False'
[0.720s] Level 5:colcon.colcon_core.verb:set package 'arduinobot_cpp_example' build argument 'cmake_clean_first' from command line to 'False'
[0.720s] Level 5:colcon.colcon_core.verb:set package 'arduinobot_cpp_example' build argument 'cmake_force_configure' from command line to 'False'
[0.720s] Level 5:colcon.colcon_core.verb:set package 'arduinobot_cpp_example' build argument 'ament_cmake_args' from command line to 'None'
[0.720s] Level 5:colcon.colcon_core.verb:set package 'arduinobot_cpp_example' build argument 'catkin_cmake_args' from command line to 'None'
[0.720s] Level 5:colcon.colcon_core.verb:set package 'arduinobot_cpp_example' build argument 'catkin_skip_building_tests' from command line to 'False'
[0.720s] DEBUG:colcon.colcon_core.verb:Building package 'arduinobot_cpp_example' with the following arguments: {'ament_cmake_args': None, 'build_base': '/home/greer92/arduinobot_ws/build/arduinobot_cpp_example', 'catkin_cmake_args': None, 'catkin_skip_building_tests': False, 'cmake_args': None, 'cmake_clean_cache': False, 'cmake_clean_first': False, 'cmake_force_configure': False, 'cmake_target': None, 'cmake_target_skip_unavailable': False, 'install_base': '/home/greer92/arduinobot_ws/install/arduinobot_cpp_example', 'merge_install': False, 'path': '/home/greer92/arduinobot_ws/src/arduinobot_cpp_example', 'symlink_install': False, 'test_result_base': None}
[0.728s] Level 5:colcon.colcon_core.verb:set package 'arduinobot_description' build argument 'cmake_args' from command line to 'None'
[0.728s] Level 5:colcon.colcon_core.verb:set package 'arduinobot_description' build argument 'cmake_target' from command line to 'None'
[0.728s] Level 5:colcon.colcon_core.verb:set package 'arduinobot_description' build argument 'cmake_target_skip_unavailable' from command line to 'False'
[0.728s] Level 5:colcon.colcon_core.verb:set package 'arduinobot_description' build argument 'cmake_clean_cache' from command line to 'False'
[0.728s] Level 5:colcon.colcon_core.verb:set package 'arduinobot_description' build argument 'cmake_clean_first' from command line to 'False'
[0.728s] Level 5:colcon.colcon_core.verb:set package 'arduinobot_description' build argument 'cmake_force_configure' from command line to 'False'
[0.728s] Level 5:colcon.colcon_core.verb:set package 'arduinobot_description' build argument 'ament_cmake_args' from command line to 'None'
[0.729s] Level 5:colcon.colcon_core.verb:set package 'arduinobot_description' build argument 'catkin_cmake_args' from command line to 'None'
[0.729s] Level 5:colcon.colcon_core.verb:set package 'arduinobot_description' build argument 'catkin_skip_building_tests' from command line to 'False'
[0.729s] DEBUG:colcon.colcon_core.verb:Building package 'arduinobot_description' with the following arguments: {'ament_cmake_args': None, 'build_base': '/home/greer92/arduinobot_ws/build/arduinobot_description', 'catkin_cmake_args': None, 'catkin_skip_building_tests': False, 'cmake_args': None, 'cmake_clean_cache': False, 'cmake_clean_first': False, 'cmake_force_configure': False, 'cmake_target': None, 'cmake_target_skip_unavailable': False, 'install_base': '/home/greer92/arduinobot_ws/install/arduinobot_description', 'merge_install': False, 'path': '/home/greer92/arduinobot_ws/src/arduinobot_description', 'symlink_install': False, 'test_result_base': None}
[0.737s] Level 5:colcon.colcon_core.verb:set package 'arduinobot_py_example' build argument 'cmake_args' from command line to 'None'
[0.737s] Level 5:colcon.colcon_core.verb:set package 'arduinobot_py_example' build argument 'cmake_target' from command line to 'None'
[0.737s] Level 5:colcon.colcon_core.verb:set package 'arduinobot_py_example' build argument 'cmake_target_skip_unavailable' from command line to 'False'
[0.737s] Level 5:colcon.colcon_core.verb:set package 'arduinobot_py_example' build argument 'cmake_clean_cache' from command line to 'False'
[0.737s] Level 5:colcon.colcon_core.verb:set package 'arduinobot_py_example' build argument 'cmake_clean_first' from command line to 'False'
[0.737s] Level 5:colcon.colcon_core.verb:set package 'arduinobot_py_example' build argument 'cmake_force_configure' from command line to 'False'
[0.737s] Level 5:colcon.colcon_core.verb:set package 'arduinobot_py_example' build argument 'ament_cmake_args' from command line to 'None'
[0.737s] Level 5:colcon.colcon_core.verb:set package 'arduinobot_py_example' build argument 'catkin_cmake_args' from command line to 'None'
[0.737s] Level 5:colcon.colcon_core.verb:set package 'arduinobot_py_example' build argument 'catkin_skip_building_tests' from command line to 'False'
[0.737s] DEBUG:colcon.colcon_core.verb:Building package 'arduinobot_py_example' with the following arguments: {'ament_cmake_args': None, 'build_base': '/home/greer92/arduinobot_ws/build/arduinobot_py_example', 'catkin_cmake_args': None, 'catkin_skip_building_tests': False, 'cmake_args': None, 'cmake_clean_cache': False, 'cmake_clean_first': False, 'cmake_force_configure': False, 'cmake_target': None, 'cmake_target_skip_unavailable': False, 'install_base': '/home/greer92/arduinobot_ws/install/arduinobot_py_example', 'merge_install': False, 'path': '/home/greer92/arduinobot_ws/src/arduinobot_py_example', 'symlink_install': False, 'test_result_base': None}
[0.745s] INFO:colcon.colcon_core.executor:Executing jobs using 'parallel' executor
[0.753s] DEBUG:colcon.colcon_parallel_executor.executor.parallel:run_until_complete
[0.753s] INFO:colcon.colcon_ros.task.ament_cmake.build:Building ROS package in '/home/greer92/arduinobot_ws/src/arduinobot_cpp_example' with build type 'ament_cmake'
[0.754s] INFO:colcon.colcon_cmake.task.cmake.build:Building CMake package in '/home/greer92/arduinobot_ws/src/arduinobot_cpp_example'
[0.763s] INFO:colcon.colcon_core.plugin_system:Skipping extension 'colcon_core.shell.bat': Not used on non-Windows systems
[0.763s] INFO:colcon.colcon_core.shell:Skip shell extension 'powershell' for command environment: Not usable outside of PowerShell
[0.763s] DEBUG:colcon.colcon_core.shell:Skip shell extension 'dsv' for command environment
[0.780s] INFO:colcon.colcon_ros.task.ament_cmake.build:Building ROS package in '/home/greer92/arduinobot_ws/src/arduinobot_description' with build type 'ament_cmake'
[0.780s] INFO:colcon.colcon_cmake.task.cmake.build:Building CMake package in '/home/greer92/arduinobot_ws/src/arduinobot_description'
[0.789s] INFO:colcon.colcon_core.shell:Skip shell extension 'powershell' for command environment: Not usable outside of PowerShell
[0.789s] DEBUG:colcon.colcon_core.shell:Skip shell extension 'dsv' for command environment
[0.806s] INFO:colcon.colcon_ros.task.ament_python.build:Building ROS package in '/home/greer92/arduinobot_ws/src/arduinobot_py_example' with build type 'ament_python'
[0.806s] Level 1:colcon.colcon_core.shell:create_environment_hook('arduinobot_py_example', 'ament_prefix_path')
[0.814s] INFO:colcon.colcon_core.shell:Creating environment hook '/home/greer92/arduinobot_ws/install/arduinobot_py_example/share/arduinobot_py_example/hook/ament_prefix_path.ps1'
[0.814s] INFO:colcon.colcon_core.shell:Creating environment descriptor '/home/greer92/arduinobot_ws/install/arduinobot_py_example/share/arduinobot_py_example/hook/ament_prefix_path.dsv'
[0.815s] INFO:colcon.colcon_core.shell:Creating environment hook '/home/greer92/arduinobot_ws/install/arduinobot_py_example/share/arduinobot_py_example/hook/ament_prefix_path.sh'
[0.823s] INFO:colcon.colcon_core.shell:Skip shell extension 'powershell' for command environment: Not usable outside of PowerShell
[0.823s] DEBUG:colcon.colcon_core.shell:Skip shell extension 'dsv' for command environment
[0.843s] DEBUG:colcon.colcon_core.event_handler.log_command:Invoking command in '/home/greer92/arduinobot_ws/build/arduinobot_cpp_example': CMAKE_PREFIX_PATH=/opt/ros/humble /usr/bin/cmake --build /home/greer92/arduinobot_ws/build/arduinobot_cpp_example -- -j16 -l16
[0.845s] DEBUG:colcon.colcon_core.event_handler.log_command:Invoking command in '/home/greer92/arduinobot_ws/build/arduinobot_description': CMAKE_PREFIX_PATH=/opt/ros/humble /usr/bin/cmake --build /home/greer92/arduinobot_ws/build/arduinobot_description -- -j16 -l16
[0.990s] INFO:colcon.colcon_core.task.python.build:Building Python package in '/home/greer92/arduinobot_ws/src/arduinobot_py_example'
[0.999s] INFO:colcon.colcon_core.shell:Skip shell extension 'powershell' for command environment: Not usable outside of PowerShell
[0.999s] DEBUG:colcon.colcon_core.shell:Skip shell extension 'dsv' for command environment
[1.018s] DEBUG:colcon.colcon_core.event_handler.log_command:Invoked command in '/home/greer92/arduinobot_ws/build/arduinobot_description' returned '0': CMAKE_PREFIX_PATH=/opt/ros/humble /usr/bin/cmake --build /home/greer92/arduinobot_ws/build/arduinobot_description -- -j16 -l16
[1.018s] DEBUG:colcon.colcon_core.event_handler.log_command:Invoked command in '/home/greer92/arduinobot_ws/build/arduinobot_cpp_example' returned '0': CMAKE_PREFIX_PATH=/opt/ros/humble /usr/bin/cmake --build /home/greer92/arduinobot_ws/build/arduinobot_cpp_example -- -j16 -l16
[1.036s] DEBUG:colcon.colcon_core.event_handler.log_command:Invoking command in '/home/greer92/arduinobot_ws/build/arduinobot_description': CMAKE_PREFIX_PATH=/opt/ros/humble /usr/bin/cmake --install /home/greer92/arduinobot_ws/build/arduinobot_description
[1.038s] DEBUG:colcon.colcon_core.event_handler.log_command:Invoking command in '/home/greer92/arduinobot_ws/build/arduinobot_cpp_example': CMAKE_PREFIX_PATH=/opt/ros/humble /usr/bin/cmake --install /home/greer92/arduinobot_ws/build/arduinobot_cpp_example
[1.042s] Level 1:colcon.colcon_core.environment:create_environment_scripts_only(arduinobot_description)
[1.043s] DEBUG:colcon.colcon_core.event_handler.log_command:Invoked command in '/home/greer92/arduinobot_ws/build/arduinobot_description' returned '0': CMAKE_PREFIX_PATH=/opt/ros/humble /usr/bin/cmake --install /home/greer92/arduinobot_ws/build/arduinobot_description
[1.059s] Level 1:colcon.colcon_core.environment:checking '/home/greer92/arduinobot_ws/install/arduinobot_description' for CMake module files
[1.059s] Level 1:colcon.colcon_core.environment:checking '/home/greer92/arduinobot_ws/install/arduinobot_description' for CMake config files
[1.059s] Level 1:colcon.colcon_core.shell:create_environment_hook('arduinobot_description', 'cmake_prefix_path')
[1.068s] INFO:colcon.colcon_core.shell:Creating environment hook '/home/greer92/arduinobot_ws/install/arduinobot_description/share/arduinobot_description/hook/cmake_prefix_path.ps1'
[1.068s] INFO:colcon.colcon_core.shell:Creating environment descriptor '/home/greer92/arduinobot_ws/install/arduinobot_description/share/arduinobot_description/hook/cmake_prefix_path.dsv'
[1.068s] INFO:colcon.colcon_core.shell:Creating environment hook '/home/greer92/arduinobot_ws/install/arduinobot_description/share/arduinobot_description/hook/cmake_prefix_path.sh'
[1.069s] Level 1:colcon.colcon_core.environment:checking '/home/greer92/arduinobot_ws/install/arduinobot_description/bin'
[1.069s] Level 1:colcon.colcon_core.environment:checking '/home/greer92/arduinobot_ws/install/arduinobot_description/lib/pkgconfig/arduinobot_description.pc'
[1.069s] Level 1:colcon.colcon_core.environment:checking '/home/greer92/arduinobot_ws/install/arduinobot_description/lib/python3.10/site-packages'
[1.069s] Level 1:colcon.colcon_core.environment:checking '/home/greer92/arduinobot_ws/install/arduinobot_description/bin'
[1.077s] INFO:colcon.colcon_core.shell:Creating package script '/home/greer92/arduinobot_ws/install/arduinobot_description/share/arduinobot_description/package.ps1'
[1.078s] INFO:colcon.colcon_core.shell:Creating package descriptor '/home/greer92/arduinobot_ws/install/arduinobot_description/share/arduinobot_description/package.dsv'
[1.078s] INFO:colcon.colcon_core.shell:Creating package script '/home/greer92/arduinobot_ws/install/arduinobot_description/share/arduinobot_description/package.sh'
[1.079s] INFO:colcon.colcon_core.shell:Creating package script '/home/greer92/arduinobot_ws/install/arduinobot_description/share/arduinobot_description/package.bash'
[1.079s] INFO:colcon.colcon_core.shell:Creating package script '/home/greer92/arduinobot_ws/install/arduinobot_description/share/arduinobot_description/package.zsh'
[1.079s] Level 1:colcon.colcon_core.environment:create_file_with_runtime_dependencies(/home/greer92/arduinobot_ws/install/arduinobot_description/share/colcon-core/packages/arduinobot_description)
[1.080s] Level 1:colcon.colcon_core.environment:create_environment_scripts_only(arduinobot_cpp_example)
[1.081s] DEBUG:colcon.colcon_core.event_handler.log_command:Invoked command in '/home/greer92/arduinobot_ws/build/arduinobot_cpp_example' returned '0': CMAKE_PREFIX_PATH=/opt/ros/humble /usr/bin/cmake --install /home/greer92/arduinobot_ws/build/arduinobot_cpp_example
[1.089s] Level 1:colcon.colcon_core.environment:checking '/home/greer92/arduinobot_ws/install/arduinobot_cpp_example' for CMake module files
[1.089s] Level 1:colcon.colcon_core.environment:checking '/home/greer92/arduinobot_ws/install/arduinobot_cpp_example' for CMake config files
[1.090s] Level 1:colcon.colcon_core.shell:create_environment_hook('arduinobot_cpp_example', 'cmake_prefix_path')
[1.098s] INFO:colcon.colcon_core.shell:Creating environment hook '/home/greer92/arduinobot_ws/install/arduinobot_cpp_example/share/arduinobot_cpp_example/hook/cmake_prefix_path.ps1'
[1.098s] INFO:colcon.colcon_core.shell:Creating environment descriptor '/home/greer92/arduinobot_ws/install/arduinobot_cpp_example/share/arduinobot_cpp_example/hook/cmake_prefix_path.dsv'
[1.098s] INFO:colcon.colcon_core.shell:Creating environment hook '/home/greer92/arduinobot_ws/install/arduinobot_cpp_example/share/arduinobot_cpp_example/hook/cmake_prefix_path.sh'
[1.099s] Level 1:colcon.colcon_core.environment:checking '/home/greer92/arduinobot_ws/install/arduinobot_cpp_example/lib'
[1.099s] Level 1:colcon.colcon_core.environment:checking '/home/greer92/arduinobot_ws/install/arduinobot_cpp_example/bin'
[1.099s] Level 1:colcon.colcon_core.environment:checking '/home/greer92/arduinobot_ws/install/arduinobot_cpp_example/lib/pkgconfig/arduinobot_cpp_example.pc'
[1.099s] Level 1:colcon.colcon_core.environment:checking '/home/greer92/arduinobot_ws/install/arduinobot_cpp_example/lib/python3.10/site-packages'
[1.099s] Level 1:colcon.colcon_core.environment:checking '/home/greer92/arduinobot_ws/install/arduinobot_cpp_example/bin'
[1.107s] INFO:colcon.colcon_core.shell:Creating package script '/home/greer92/arduinobot_ws/install/arduinobot_cpp_example/share/arduinobot_cpp_example/package.ps1'
[1.108s] INFO:colcon.colcon_core.shell:Creating package descriptor '/home/greer92/arduinobot_ws/install/arduinobot_cpp_example/share/arduinobot_cpp_example/package.dsv'
[1.108s] INFO:colcon.colcon_core.shell:Creating package script '/home/greer92/arduinobot_ws/install/arduinobot_cpp_example/share/arduinobot_cpp_example/package.sh'
[1.108s] INFO:colcon.colcon_core.shell:Creating package script '/home/greer92/arduinobot_ws/install/arduinobot_cpp_example/share/arduinobot_cpp_example/package.bash'
[1.109s] INFO:colcon.colcon_core.shell:Creating package script '/home/greer92/arduinobot_ws/install/arduinobot_cpp_example/share/arduinobot_cpp_example/package.zsh'
[1.109s] Level 1:colcon.colcon_core.environment:create_file_with_runtime_dependencies(/home/greer92/arduinobot_ws/install/arduinobot_cpp_example/share/colcon-core/packages/arduinobot_cpp_example)
[1.118s] Level 1:colcon.colcon_core.environment:create_environment_scripts_only(arduinobot_description)
[1.126s] Level 1:colcon.colcon_core.environment:checking '/home/greer92/arduinobot_ws/install/arduinobot_description' for CMake module files
[1.127s] Level 1:colcon.colcon_core.environment:checking '/home/greer92/arduinobot_ws/install/arduinobot_description' for CMake config files
[1.127s] Level 1:colcon.colcon_core.shell:create_environment_hook('arduinobot_description', 'cmake_prefix_path')
[1.137s] INFO:colcon.colcon_core.shell:Creating environment hook '/home/greer92/arduinobot_ws/install/arduinobot_description/share/arduinobot_description/hook/cmake_prefix_path.ps1'
[1.138s] INFO:colcon.colcon_core.shell:Creating environment descriptor '/home/greer92/arduinobot_ws/install/arduinobot_description/share/arduinobot_description/hook/cmake_prefix_path.dsv'
[1.138s] INFO:colcon.colcon_core.shell:Creating environment hook '/home/greer92/arduinobot_ws/install/arduinobot_description/share/arduinobot_description/hook/cmake_prefix_path.sh'
[1.138s] Level 1:colcon.colcon_core.environment:checking '/home/greer92/arduinobot_ws/install/arduinobot_description/bin'
[1.138s] Level 1:colcon.colcon_core.environment:checking '/home/greer92/arduinobot_ws/install/arduinobot_description/lib/pkgconfig/arduinobot_description.pc'
[1.138s] Level 1:colcon.colcon_core.environment:checking '/home/greer92/arduinobot_ws/install/arduinobot_description/lib/python3.10/site-packages'
[1.139s] Level 1:colcon.colcon_core.environment:checking '/home/greer92/arduinobot_ws/install/arduinobot_description/bin'
[1.147s] INFO:colcon.colcon_core.shell:Creating package script '/home/greer92/arduinobot_ws/install/arduinobot_description/share/arduinobot_description/package.ps1'
[1.147s] INFO:colcon.colcon_core.shell:Creating package descriptor '/home/greer92/arduinobot_ws/install/arduinobot_description/share/arduinobot_description/package.dsv'
[1.148s] INFO:colcon.colcon_core.shell:Creating package script '/home/greer92/arduinobot_ws/install/arduinobot_description/share/arduinobot_description/package.sh'
[1.148s] INFO:colcon.colcon_core.shell:Creating package script '/home/greer92/arduinobot_ws/install/arduinobot_description/share/arduinobot_description/package.bash'
[1.148s] INFO:colcon.colcon_core.shell:Creating package script '/home/greer92/arduinobot_ws/install/arduinobot_description/share/arduinobot_description/package.zsh'
[1.148s] Level 1:colcon.colcon_core.environment:create_file_with_runtime_dependencies(/home/greer92/arduinobot_ws/install/arduinobot_description/share/colcon-core/packages/arduinobot_description)
[1.158s] Level 1:colcon.colcon_core.environment:create_environment_scripts_only(arduinobot_cpp_example)
[1.166s] Level 1:colcon.colcon_core.environment:checking '/home/greer92/arduinobot_ws/install/arduinobot_cpp_example' for CMake module files
[1.166s] Level 1:colcon.colcon_core.environment:checking '/home/greer92/arduinobot_ws/install/arduinobot_cpp_example' for CMake config files
[1.167s] Level 1:colcon.colcon_core.shell:create_environment_hook('arduinobot_cpp_example', 'cmake_prefix_path')
[1.175s] INFO:colcon.colcon_core.shell:Creating environment hook '/home/greer92/arduinobot_ws/install/arduinobot_cpp_example/share/arduinobot_cpp_example/hook/cmake_prefix_path.ps1'
[1.175s] INFO:colcon.colcon_core.shell:Creating environment descriptor '/home/greer92/arduinobot_ws/install/arduinobot_cpp_example/share/arduinobot_cpp_example/hook/cmake_prefix_path.dsv'
[1.175s] INFO:colcon.colcon_core.shell:Creating environment hook '/home/greer92/arduinobot_ws/install/arduinobot_cpp_example/share/arduinobot_cpp_example/hook/cmake_prefix_path.sh'
[1.176s] Level 1:colcon.colcon_core.environment:checking '/home/greer92/arduinobot_ws/install/arduinobot_cpp_example/lib'
[1.176s] Level 1:colcon.colcon_core.environment:checking '/home/greer92/arduinobot_ws/install/arduinobot_cpp_example/bin'
[1.176s] Level 1:colcon.colcon_core.environment:checking '/home/greer92/arduinobot_ws/install/arduinobot_cpp_example/lib/pkgconfig/arduinobot_cpp_example.pc'
[1.176s] Level 1:colcon.colcon_core.environment:checking '/home/greer92/arduinobot_ws/install/arduinobot_cpp_example/lib/python3.10/site-packages'
[1.176s] Level 1:colcon.colcon_core.environment:checking '/home/greer92/arduinobot_ws/install/arduinobot_cpp_example/bin'
[1.184s] INFO:colcon.colcon_core.shell:Creating package script '/home/greer92/arduinobot_ws/install/arduinobot_cpp_example/share/arduinobot_cpp_example/package.ps1'
[1.185s] INFO:colcon.colcon_core.shell:Creating package descriptor '/home/greer92/arduinobot_ws/install/arduinobot_cpp_example/share/arduinobot_cpp_example/package.dsv'
[1.185s] INFO:colcon.colcon_core.shell:Creating package script '/home/greer92/arduinobot_ws/install/arduinobot_cpp_example/share/arduinobot_cpp_example/package.sh'
[1.185s] INFO:colcon.colcon_core.shell:Creating package script '/home/greer92/arduinobot_ws/install/arduinobot_cpp_example/share/arduinobot_cpp_example/package.bash'
[1.186s] INFO:colcon.colcon_core.shell:Creating package script '/home/greer92/arduinobot_ws/install/arduinobot_cpp_example/share/arduinobot_cpp_example/package.zsh'
[1.186s] Level 1:colcon.colcon_core.environment:create_file_with_runtime_dependencies(/home/greer92/arduinobot_ws/install/arduinobot_cpp_example/share/colcon-core/packages/arduinobot_cpp_example)
[1.213s] DEBUG:colcon.colcon_core.event_handler.log_command:Invoking command in '/home/greer92/arduinobot_ws/src/arduinobot_py_example': PYTHONPATH=/home/greer92/arduinobot_ws/build/arduinobot_py_example/prefix_override:/home/greer92/arduinobot_ws/install/arduinobot_py_example/lib/python3.10/site-packages:${PYTHONPATH} /usr/bin/python3 setup.py egg_info --egg-base ../../build/arduinobot_py_example build --build-base /home/greer92/arduinobot_ws/build/arduinobot_py_example/build install --record /home/greer92/arduinobot_ws/build/arduinobot_py_example/install.log --single-version-externally-managed
[1.376s] DEBUG:colcon.colcon_core.event_handler.log_command:Invoked command in '/home/greer92/arduinobot_ws/src/arduinobot_py_example' returned '0': PYTHONPATH=/home/greer92/arduinobot_ws/build/arduinobot_py_example/prefix_override:/home/greer92/arduinobot_ws/install/arduinobot_py_example/lib/python3.10/site-packages:${PYTHONPATH} /usr/bin/python3 setup.py egg_info --egg-base ../../build/arduinobot_py_example build --build-base /home/greer92/arduinobot_ws/build/arduinobot_py_example/build install --record /home/greer92/arduinobot_ws/build/arduinobot_py_example/install.log --single-version-externally-managed
[1.384s] Level 1:colcon.colcon_core.environment:checking '/home/greer92/arduinobot_ws/install/arduinobot_py_example' for CMake module files
[1.384s] Level 1:colcon.colcon_core.environment:checking '/home/greer92/arduinobot_ws/install/arduinobot_py_example' for CMake config files
[1.385s] Level 1:colcon.colcon_core.environment:checking '/home/greer92/arduinobot_ws/install/arduinobot_py_example/lib'
[1.385s] Level 1:colcon.colcon_core.environment:checking '/home/greer92/arduinobot_ws/install/arduinobot_py_example/bin'
[1.385s] Level 1:colcon.colcon_core.environment:checking '/home/greer92/arduinobot_ws/install/arduinobot_py_example/lib/pkgconfig/arduinobot_py_example.pc'
[1.385s] Level 1:colcon.colcon_core.environment:checking '/home/greer92/arduinobot_ws/install/arduinobot_py_example/lib/python3.10/site-packages'
[1.385s] Level 1:colcon.colcon_core.shell:create_environment_hook('arduinobot_py_example', 'pythonpath')
[1.393s] INFO:colcon.colcon_core.shell:Creating environment hook '/home/greer92/arduinobot_ws/install/arduinobot_py_example/share/arduinobot_py_example/hook/pythonpath.ps1'
[1.394s] INFO:colcon.colcon_core.shell:Creating environment descriptor '/home/greer92/arduinobot_ws/install/arduinobot_py_example/share/arduinobot_py_example/hook/pythonpath.dsv'
[1.394s] INFO:colcon.colcon_core.shell:Creating environment hook '/home/greer92/arduinobot_ws/install/arduinobot_py_example/share/arduinobot_py_example/hook/pythonpath.sh'
[1.394s] Level 1:colcon.colcon_core.environment:checking '/home/greer92/arduinobot_ws/install/arduinobot_py_example/bin'
[1.394s] Level 1:colcon.colcon_core.environment:create_environment_scripts_only(arduinobot_py_example)
[1.403s] INFO:colcon.colcon_core.shell:Creating package script '/home/greer92/arduinobot_ws/install/arduinobot_py_example/share/arduinobot_py_example/package.ps1'
[1.403s] INFO:colcon.colcon_core.shell:Creating package descriptor '/home/greer92/arduinobot_ws/install/arduinobot_py_example/share/arduinobot_py_example/package.dsv'
[1.403s] INFO:colcon.colcon_core.shell:Creating package script '/home/greer92/arduinobot_ws/install/arduinobot_py_example/share/arduinobot_py_example/package.sh'
[1.404s] INFO:colcon.colcon_core.shell:Creating package script '/home/greer92/arduinobot_ws/install/arduinobot_py_example/share/arduinobot_py_example/package.bash'
[1.404s] INFO:colcon.colcon_core.shell:Creating package script '/home/greer92/arduinobot_ws/install/arduinobot_py_example/share/arduinobot_py_example/package.zsh'
[1.404s] Level 1:colcon.colcon_core.environment:create_file_with_runtime_dependencies(/home/greer92/arduinobot_ws/install/arduinobot_py_example/share/colcon-core/packages/arduinobot_py_example)
[1.404s] DEBUG:colcon.colcon_parallel_executor.executor.parallel:closing loop
[1.404s] DEBUG:colcon.colcon_parallel_executor.executor.parallel:loop closed
[1.404s] DEBUG:colcon.colcon_parallel_executor.executor.parallel:run_until_complete finished with '0'
[1.405s] DEBUG:colcon.colcon_core.event_reactor:joining thread
[1.416s] INFO:colcon.colcon_core.plugin_system:Skipping extension 'colcon_notification.desktop_notification.terminal_notifier': Not used on non-Darwin systems
[1.416s] INFO:colcon.colcon_core.plugin_system:Skipping extension 'colcon_notification.desktop_notification.win32': Not used on non-Windows systems
[1.416s] INFO:colcon.colcon_notification.desktop_notification:Sending desktop notification using 'notify2'
[1.426s] DEBUG:colcon.colcon_core.event_reactor:joined thread
[1.435s] INFO:colcon.colcon_core.shell:Creating prefix script '/home/greer92/arduinobot_ws/install/local_setup.ps1'
[1.435s] INFO:colcon.colcon_core.shell:Creating prefix util module '/home/greer92/arduinobot_ws/install/_local_setup_util_ps1.py'
[1.436s] INFO:colcon.colcon_core.shell:Creating prefix chain script '/home/greer92/arduinobot_ws/install/setup.ps1'
[1.445s] INFO:colcon.colcon_core.shell:Creating prefix script '/home/greer92/arduinobot_ws/install/local_setup.sh'
[1.445s] INFO:colcon.colcon_core.shell:Creating prefix util module '/home/greer92/arduinobot_ws/install/_local_setup_util_sh.py'
[1.445s] INFO:colcon.colcon_core.shell:Creating prefix chain script '/home/greer92/arduinobot_ws/install/setup.sh'
[1.454s] INFO:colcon.colcon_core.shell:Creating prefix script '/home/greer92/arduinobot_ws/install/local_setup.bash'
[1.454s] INFO:colcon.colcon_core.shell:Creating prefix chain script '/home/greer92/arduinobot_ws/install/setup.bash'
[1.462s] INFO:colcon.colcon_core.shell:Creating prefix script '/home/greer92/arduinobot_ws/install/local_setup.zsh'
[1.463s] INFO:colcon.colcon_core.shell:Creating prefix chain script '/home/greer92/arduinobot_ws/install/setup.zsh'
