[0.087s] Invoking command in '/home/greer92/arduinobot_ws/build/arduinobot_cpp_example': CMAKE_PREFIX_PATH=${CMAKE_PREFIX_PATH}:/home/greer92/arduinobot_ws/install/arduinobot_py_example:/opt/ros/humble /usr/bin/cmake --build /home/greer92/arduinobot_ws/build/arduinobot_cpp_example -- -j16 -l16
[0.102s] -- Found ament_cmake: 1.3.8 (/opt/ros/humble/share/ament_cmake/cmake)
[0.185s] -- Found rclcpp: 16.0.8 (/opt/ros/humble/share/rclcpp/cmake)
[0.225s] -- Found rosidl_generator_c: 3.1.5 (/opt/ros/humble/share/rosidl_generator_c/cmake)
[0.230s] -- Found rosidl_adapter: 3.1.5 (/opt/ros/humble/share/rosidl_adapter/cmake)
[0.237s] -- Found rosidl_generator_cpp: 3.1.5 (/opt/ros/humble/share/rosidl_generator_cpp/cmake)
[0.250s] -- Using all available rosidl_typesupport_c: rosidl_typesupport_fastrtps_c;rosidl_typesupport_introspection_c
[0.265s] -- Using all available rosidl_typesupport_cpp: rosidl_typesupport_fastrtps_cpp;rosidl_typesupport_introspection_cpp
[0.315s] -- Found rmw_implementation_cmake: 6.1.1 (/opt/ros/humble/share/rmw_implementation_cmake/cmake)
[0.317s] -- Found rmw_fastrtps_cpp: 6.2.6 (/opt/ros/humble/share/rmw_fastrtps_cpp/cmake)
[0.385s] -- Found OpenSSL: /usr/lib/x86_64-linux-gnu/libcrypto.so (found version "3.0.2")  
[0.405s] -- Found FastRTPS: /opt/ros/humble/include  
[0.436s] -- Using RMW implementation 'rmw_fastrtps_cpp' as default
[0.444s] -- Looking for pthread.h
[0.494s] -- Looking for pthread.h - found
[0.494s] -- Performing Test CMAKE_HAVE_LIBC_PTHREAD
[0.549s] -- Performing Test CMAKE_HAVE_LIBC_PTHREAD - Success
[0.550s] -- Found Threads: TRUE  
[0.662s] [31mCMake Error at CMakeLists.txt:15 (install):
[0.662s]   install does not recognize sub-command TARGET
[0.662s] 
[0.662s] [0m
[0.663s] -- Found ament_lint_auto: 0.12.10 (/opt/ros/humble/share/ament_lint_auto/cmake)
[0.711s] -- Added test 'cppcheck' to perform static code analysis on C / C++ code
[0.711s] -- Configured cppcheck include dirs: 
[0.711s] -- Configured cppcheck exclude dirs and/or files: 
[0.712s] -- Added test 'lint_cmake' to check CMake code style
[0.712s] -- Added test 'uncrustify' to check C / C++ code style
[0.712s] -- Configured uncrustify additional arguments: 
[0.713s] -- Added test 'xmllint' to check XML markup files
[0.714s] -- Configuring incomplete, errors occurred!
[0.714s] See also "/home/greer92/arduinobot_ws/build/arduinobot_cpp_example/CMakeFiles/CMakeOutput.log".
[0.721s] gmake: *** [Makefile:226: cmake_check_build_system] Error 1
[0.727s] Invoked command in '/home/greer92/arduinobot_ws/build/arduinobot_cpp_example' returned '2': CMAKE_PREFIX_PATH=${CMAKE_PREFIX_PATH}:/home/greer92/arduinobot_ws/install/arduinobot_py_example:/opt/ros/humble /usr/bin/cmake --build /home/greer92/arduinobot_ws/build/arduinobot_cpp_example -- -j16 -l16
