[0.416s] Invoking command in '/home/greer92/arduinobot_ws/src/arduinobot_py_example': PYTHONPATH=/home/greer92/arduinobot_ws/build/arduinobot_py_example/prefix_override:/home/greer92/arduinobot_ws/install/arduinobot_py_example/lib/python3.10/site-packages:${PYTHONPATH} /usr/bin/python3 setup.py egg_info --egg-base ../../build/arduinobot_py_example build --build-base /home/greer92/arduinobot_ws/build/arduinobot_py_example/build install --record /home/greer92/arduinobot_ws/build/arduinobot_py_example/install.log --single-version-externally-managed
[0.550s] running egg_info
[0.550s] creating ../../build/arduinobot_py_example/arduinobot_py_example.egg-info
[0.550s] writing ../../build/arduinobot_py_example/arduinobot_py_example.egg-info/PKG-INFO
[0.551s] writing dependency_links to ../../build/arduinobot_py_example/arduinobot_py_example.egg-info/dependency_links.txt
[0.551s] writing entry points to ../../build/arduinobot_py_example/arduinobot_py_example.egg-info/entry_points.txt
[0.551s] writing requirements to ../../build/arduinobot_py_example/arduinobot_py_example.egg-info/requires.txt
[0.551s] writing top-level names to ../../build/arduinobot_py_example/arduinobot_py_example.egg-info/top_level.txt
[0.551s] writing manifest file '../../build/arduinobot_py_example/arduinobot_py_example.egg-info/SOURCES.txt'
[0.552s] reading manifest file '../../build/arduinobot_py_example/arduinobot_py_example.egg-info/SOURCES.txt'
[0.552s] writing manifest file '../../build/arduinobot_py_example/arduinobot_py_example.egg-info/SOURCES.txt'
[0.552s] running build
[0.552s] running build_py
[0.552s] creating /home/greer92/arduinobot_ws/build/arduinobot_py_example/build
[0.552s] creating /home/greer92/arduinobot_ws/build/arduinobot_py_example/build/lib
[0.552s] creating /home/greer92/arduinobot_ws/build/arduinobot_py_example/build/lib/arduinobot_py_example
[0.553s] copying arduinobot_py_example/__init__.py -> /home/greer92/arduinobot_ws/build/arduinobot_py_example/build/lib/arduinobot_py_example
[0.553s] running install
[0.553s] /usr/lib/python3/dist-packages/setuptools/command/install.py:34: SetuptoolsDeprecationWarning: setup.py install is deprecated. Use build and pip and other standards-based tools.
[0.553s]   warnings.warn(
[0.553s] running install_lib
[0.553s] creating /home/greer92/arduinobot_ws/install/arduinobot_py_example/lib/python3.10/site-packages/arduinobot_py_example
[0.553s] copying /home/greer92/arduinobot_ws/build/arduinobot_py_example/build/lib/arduinobot_py_example/__init__.py -> /home/greer92/arduinobot_ws/install/arduinobot_py_example/lib/python3.10/site-packages/arduinobot_py_example
[0.554s] byte-compiling /home/greer92/arduinobot_ws/install/arduinobot_py_example/lib/python3.10/site-packages/arduinobot_py_example/__init__.py to __init__.cpython-310.pyc
[0.554s] running install_data
[0.554s] creating /home/greer92/arduinobot_ws/install/arduinobot_py_example/share/ament_index
[0.554s] creating /home/greer92/arduinobot_ws/install/arduinobot_py_example/share/ament_index/resource_index
[0.554s] creating /home/greer92/arduinobot_ws/install/arduinobot_py_example/share/ament_index/resource_index/packages
[0.554s] copying resource/arduinobot_py_example -> /home/greer92/arduinobot_ws/install/arduinobot_py_example/share/ament_index/resource_index/packages
[0.554s] copying package.xml -> /home/greer92/arduinobot_ws/install/arduinobot_py_example/share/arduinobot_py_example
[0.554s] running install_egg_info
[0.555s] Copying ../../build/arduinobot_py_example/arduinobot_py_example.egg-info to /home/greer92/arduinobot_ws/install/arduinobot_py_example/lib/python3.10/site-packages/arduinobot_py_example-0.0.0-py3.10.egg-info
[0.556s] running install_scripts
[0.569s] writing list of installed files to '/home/greer92/arduinobot_ws/build/arduinobot_py_example/install.log'
[0.613s] Invoked command in '/home/greer92/arduinobot_ws/src/arduinobot_py_example' returned '0': PYTHONPATH=/home/greer92/arduinobot_ws/build/arduinobot_py_example/prefix_override:/home/greer92/arduinobot_ws/install/arduinobot_py_example/lib/python3.10/site-packages:${PYTHONPATH} /usr/bin/python3 setup.py egg_info --egg-base ../../build/arduinobot_py_example build --build-base /home/greer92/arduinobot_ws/build/arduinobot_py_example/build install --record /home/greer92/arduinobot_ws/build/arduinobot_py_example/install.log --single-version-externally-managed
