[0.119s] Invoking command in '/home/greer92/arduinobot_ws/build/arduinobot_cpp_example': CMAKE_PREFIX_PATH=${CMAKE_PREFIX_PATH}:/home/greer92/arduinobot_ws/install/arduinobot_py_example:/opt/ros/humble /usr/bin/cmake --build /home/greer92/arduinobot_ws/build/arduinobot_cpp_example -- -j16 -l16
[0.152s] [ 50%] Built target simple_publisher
[0.152s] [100%] Built target simple_subscriber
[0.311s] Invoked command in '/home/greer92/arduinobot_ws/build/arduinobot_cpp_example' returned '0': CMAKE_PREFIX_PATH=${CMAKE_PREFIX_PATH}:/home/greer92/arduinobot_ws/install/arduinobot_py_example:/opt/ros/humble /usr/bin/cmake --build /home/greer92/arduinobot_ws/build/arduinobot_cpp_example -- -j16 -l16
[0.332s] Invoking command in '/home/greer92/arduinobot_ws/build/arduinobot_cpp_example': CMAKE_PREFIX_PATH=${CMAKE_PREFIX_PATH}:/home/greer92/arduinobot_ws/install/arduinobot_py_example:/opt/ros/humble /usr/bin/cmake --install /home/greer92/arduinobot_ws/build/arduinobot_cpp_example
[0.337s] -- Install configuration: ""
[0.338s] -- Up-to-date: /home/greer92/arduinobot_ws/install/arduinobot_cpp_example/lib/arduinobot_cpp_example/simple_publisher
[0.338s] -- Up-to-date: /home/greer92/arduinobot_ws/install/arduinobot_cpp_example/lib/arduinobot_cpp_example/simple_subscriber
[0.338s] -- Up-to-date: /home/greer92/arduinobot_ws/install/arduinobot_cpp_example/share/ament_index/resource_index/package_run_dependencies/arduinobot_cpp_example
[0.338s] -- Up-to-date: /home/greer92/arduinobot_ws/install/arduinobot_cpp_example/share/ament_index/resource_index/parent_prefix_path/arduinobot_cpp_example
[0.338s] -- Up-to-date: /home/greer92/arduinobot_ws/install/arduinobot_cpp_example/share/arduinobot_cpp_example/environment/ament_prefix_path.sh
[0.338s] -- Up-to-date: /home/greer92/arduinobot_ws/install/arduinobot_cpp_example/share/arduinobot_cpp_example/environment/ament_prefix_path.dsv
[0.338s] -- Up-to-date: /home/greer92/arduinobot_ws/install/arduinobot_cpp_example/share/arduinobot_cpp_example/environment/path.sh
[0.338s] -- Up-to-date: /home/greer92/arduinobot_ws/install/arduinobot_cpp_example/share/arduinobot_cpp_example/environment/path.dsv
[0.338s] -- Up-to-date: /home/greer92/arduinobot_ws/install/arduinobot_cpp_example/share/arduinobot_cpp_example/local_setup.bash
[0.338s] -- Up-to-date: /home/greer92/arduinobot_ws/install/arduinobot_cpp_example/share/arduinobot_cpp_example/local_setup.sh
[0.338s] -- Up-to-date: /home/greer92/arduinobot_ws/install/arduinobot_cpp_example/share/arduinobot_cpp_example/local_setup.zsh
[0.338s] -- Up-to-date: /home/greer92/arduinobot_ws/install/arduinobot_cpp_example/share/arduinobot_cpp_example/local_setup.dsv
[0.338s] -- Installing: /home/greer92/arduinobot_ws/install/arduinobot_cpp_example/share/arduinobot_cpp_example/package.dsv
[0.339s] -- Up-to-date: /home/greer92/arduinobot_ws/install/arduinobot_cpp_example/share/ament_index/resource_index/packages/arduinobot_cpp_example
[0.339s] -- Up-to-date: /home/greer92/arduinobot_ws/install/arduinobot_cpp_example/share/arduinobot_cpp_example/cmake/arduinobot_cpp_exampleConfig.cmake
[0.339s] -- Up-to-date: /home/greer92/arduinobot_ws/install/arduinobot_cpp_example/share/arduinobot_cpp_example/cmake/arduinobot_cpp_exampleConfig-version.cmake
[0.339s] -- Up-to-date: /home/greer92/arduinobot_ws/install/arduinobot_cpp_example/share/arduinobot_cpp_example/package.xml
[0.376s] Invoked command in '/home/greer92/arduinobot_ws/build/arduinobot_cpp_example' returned '0': CMAKE_PREFIX_PATH=${CMAKE_PREFIX_PATH}:/home/greer92/arduinobot_ws/install/arduinobot_py_example:/opt/ros/humble /usr/bin/cmake --install /home/greer92/arduinobot_ws/build/arduinobot_cpp_example
