[0.546s] DEBUG:colcon:Command line arguments: ['/usr/bin/colcon', 'build']
[0.546s] DEBUG:colcon:Parsed command line arguments: Namespace(log_base=None, log_level=None, verb_name='build', build_base='build', install_base='install', merge_install=False, symlink_install=False, test_result_base=None, continue_on_error=False, executor='parallel', parallel_workers=16, event_handlers=None, ignore_user_meta=False, metas=['./colcon.meta'], base_paths=['.'], packages_ignore=None, packages_ignore_regex=None, paths=None, packages_up_to=None, packages_up_to_regex=None, packages_above=None, packages_above_and_dependencies=None, packages_above_depth=None, packages_select_by_dep=None, packages_skip_by_dep=None, packages_skip_up_to=None, packages_select_build_failed=False, packages_skip_build_finished=False, packages_select_test_failures=False, packages_skip_test_passed=False, packages_select=None, packages_skip=None, packages_select_regex=None, packages_skip_regex=None, packages_start=None, packages_end=None, allow_overriding=[], cmake_args=None, cmake_target=None, cmake_target_skip_unavailable=False, cmake_clean_cache=False, cmake_clean_first=False, cmake_force_configure=False, ament_cmake_args=None, catkin_cmake_args=None, catkin_skip_building_tests=False, verb_parser=<colcon_defaults.argument_parser.defaults.DefaultArgumentsDecorator object at 0x7561b11d2290>, verb_extension=<colcon_core.verb.build.BuildVerb object at 0x7561b11d2f80>, main=<bound method BuildVerb.main of <colcon_core.verb.build.BuildVerb object at 0x7561b11d2f80>>)
[0.572s] Level 1:colcon.colcon_core.package_discovery:discover_packages(colcon_meta) check parameters
[0.572s] Level 1:colcon.colcon_core.package_discovery:discover_packages(recursive) check parameters
[0.572s] Level 1:colcon.colcon_core.package_discovery:discover_packages(ignore) check parameters
[0.572s] Level 1:colcon.colcon_core.package_discovery:discover_packages(path) check parameters
[0.572s] Level 1:colcon.colcon_core.package_discovery:discover_packages(colcon_meta) discover
[0.572s] Level 1:colcon.colcon_core.package_discovery:discover_packages(recursive) discover
[0.572s] INFO:colcon.colcon_core.package_discovery:Crawling recursively for packages in '/home/greer92/arduinobot_ws'
[0.572s] Level 1:colcon.colcon_core.package_identification:_identify(.) by extensions ['ignore', 'ignore_ament_install']
[0.572s] Level 1:colcon.colcon_core.package_identification:_identify(.) by extension 'ignore'
[0.572s] Level 1:colcon.colcon_core.package_identification:_identify(.) by extension 'ignore_ament_install'
[0.572s] Level 1:colcon.colcon_core.package_identification:_identify(.) by extensions ['colcon_pkg']
[0.572s] Level 1:colcon.colcon_core.package_identification:_identify(.) by extension 'colcon_pkg'
[0.572s] Level 1:colcon.colcon_core.package_identification:_identify(.) by extensions ['colcon_meta']
[0.572s] Level 1:colcon.colcon_core.package_identification:_identify(.) by extension 'colcon_meta'
[0.572s] Level 1:colcon.colcon_core.package_identification:_identify(.) by extensions ['ros']
[0.572s] Level 1:colcon.colcon_core.package_identification:_identify(.) by extension 'ros'
[0.579s] Level 1:colcon.colcon_core.package_identification:_identify(.) by extensions ['cmake', 'python']
[0.579s] Level 1:colcon.colcon_core.package_identification:_identify(.) by extension 'cmake'
[0.579s] Level 1:colcon.colcon_core.package_identification:_identify(.) by extension 'python'
[0.579s] Level 1:colcon.colcon_core.package_identification:_identify(.) by extensions ['python_setup_py']
[0.579s] Level 1:colcon.colcon_core.package_identification:_identify(.) by extension 'python_setup_py'
[0.579s] Level 1:colcon.colcon_core.package_identification:_identify(build) by extensions ['ignore', 'ignore_ament_install']
[0.580s] Level 1:colcon.colcon_core.package_identification:_identify(build) by extension 'ignore'
[0.580s] Level 1:colcon.colcon_core.package_identification:_identify(build) ignored
[0.580s] Level 1:colcon.colcon_core.package_identification:_identify(install) by extensions ['ignore', 'ignore_ament_install']
[0.580s] Level 1:colcon.colcon_core.package_identification:_identify(install) by extension 'ignore'
[0.580s] Level 1:colcon.colcon_core.package_identification:_identify(install) ignored
[0.580s] Level 1:colcon.colcon_core.package_identification:_identify(log) by extensions ['ignore', 'ignore_ament_install']
[0.580s] Level 1:colcon.colcon_core.package_identification:_identify(log) by extension 'ignore'
[0.580s] Level 1:colcon.colcon_core.package_identification:_identify(log) ignored
[0.580s] Level 1:colcon.colcon_core.package_identification:_identify(src) by extensions ['ignore', 'ignore_ament_install']
[0.580s] Level 1:colcon.colcon_core.package_identification:_identify(src) by extension 'ignore'
[0.580s] Level 1:colcon.colcon_core.package_identification:_identify(src) by extension 'ignore_ament_install'
[0.580s] Level 1:colcon.colcon_core.package_identification:_identify(src) by extensions ['colcon_pkg']
[0.580s] Level 1:colcon.colcon_core.package_identification:_identify(src) by extension 'colcon_pkg'
[0.580s] Level 1:colcon.colcon_core.package_identification:_identify(src) by extensions ['colcon_meta']
[0.580s] Level 1:colcon.colcon_core.package_identification:_identify(src) by extension 'colcon_meta'
[0.580s] Level 1:colcon.colcon_core.package_identification:_identify(src) by extensions ['ros']
[0.580s] Level 1:colcon.colcon_core.package_identification:_identify(src) by extension 'ros'
[0.580s] Level 1:colcon.colcon_core.package_identification:_identify(src) by extensions ['cmake', 'python']
[0.580s] Level 1:colcon.colcon_core.package_identification:_identify(src) by extension 'cmake'
[0.580s] Level 1:colcon.colcon_core.package_identification:_identify(src) by extension 'python'
[0.580s] Level 1:colcon.colcon_core.package_identification:_identify(src) by extensions ['python_setup_py']
[0.580s] Level 1:colcon.colcon_core.package_identification:_identify(src) by extension 'python_setup_py'
[0.580s] Level 1:colcon.colcon_core.package_identification:_identify(src/arduinobot_cpp_example) by extensions ['ignore', 'ignore_ament_install']
[0.580s] Level 1:colcon.colcon_core.package_identification:_identify(src/arduinobot_cpp_example) by extension 'ignore'
[0.580s] Level 1:colcon.colcon_core.package_identification:_identify(src/arduinobot_cpp_example) by extension 'ignore_ament_install'
[0.580s] Level 1:colcon.colcon_core.package_identification:_identify(src/arduinobot_cpp_example) by extensions ['colcon_pkg']
[0.580s] Level 1:colcon.colcon_core.package_identification:_identify(src/arduinobot_cpp_example) by extension 'colcon_pkg'
[0.580s] Level 1:colcon.colcon_core.package_identification:_identify(src/arduinobot_cpp_example) by extensions ['colcon_meta']
[0.580s] Level 1:colcon.colcon_core.package_identification:_identify(src/arduinobot_cpp_example) by extension 'colcon_meta'
[0.580s] Level 1:colcon.colcon_core.package_identification:_identify(src/arduinobot_cpp_example) by extensions ['ros']
[0.580s] Level 1:colcon.colcon_core.package_identification:_identify(src/arduinobot_cpp_example) by extension 'ros'
[0.582s] DEBUG:colcon.colcon_core.package_identification:Package 'src/arduinobot_cpp_example' with type 'ros.ament_cmake' and name 'arduinobot_cpp_example'
[0.582s] Level 1:colcon.colcon_core.package_identification:_identify(src/arduinobot_description) by extensions ['ignore', 'ignore_ament_install']
[0.582s] Level 1:colcon.colcon_core.package_identification:_identify(src/arduinobot_description) by extension 'ignore'
[0.582s] Level 1:colcon.colcon_core.package_identification:_identify(src/arduinobot_description) by extension 'ignore_ament_install'
[0.582s] Level 1:colcon.colcon_core.package_identification:_identify(src/arduinobot_description) by extensions ['colcon_pkg']
[0.582s] Level 1:colcon.colcon_core.package_identification:_identify(src/arduinobot_description) by extension 'colcon_pkg'
[0.582s] Level 1:colcon.colcon_core.package_identification:_identify(src/arduinobot_description) by extensions ['colcon_meta']
[0.582s] Level 1:colcon.colcon_core.package_identification:_identify(src/arduinobot_description) by extension 'colcon_meta'
[0.582s] Level 1:colcon.colcon_core.package_identification:_identify(src/arduinobot_description) by extensions ['ros']
[0.582s] Level 1:colcon.colcon_core.package_identification:_identify(src/arduinobot_description) by extension 'ros'
[0.582s] DEBUG:colcon.colcon_core.package_identification:Package 'src/arduinobot_description' with type 'ros.ament_cmake' and name 'arduinobot_description'
[0.583s] Level 1:colcon.colcon_core.package_identification:_identify(src/arduinobot_py_example) by extensions ['ignore', 'ignore_ament_install']
[0.583s] Level 1:colcon.colcon_core.package_identification:_identify(src/arduinobot_py_example) by extension 'ignore'
[0.583s] Level 1:colcon.colcon_core.package_identification:_identify(src/arduinobot_py_example) by extension 'ignore_ament_install'
[0.583s] Level 1:colcon.colcon_core.package_identification:_identify(src/arduinobot_py_example) by extensions ['colcon_pkg']
[0.583s] Level 1:colcon.colcon_core.package_identification:_identify(src/arduinobot_py_example) by extension 'colcon_pkg'
[0.583s] Level 1:colcon.colcon_core.package_identification:_identify(src/arduinobot_py_example) by extensions ['colcon_meta']
[0.583s] Level 1:colcon.colcon_core.package_identification:_identify(src/arduinobot_py_example) by extension 'colcon_meta'
[0.583s] Level 1:colcon.colcon_core.package_identification:_identify(src/arduinobot_py_example) by extensions ['ros']
[0.583s] Level 1:colcon.colcon_core.package_identification:_identify(src/arduinobot_py_example) by extension 'ros'
[0.583s] DEBUG:colcon.colcon_core.package_identification:Package 'src/arduinobot_py_example' with type 'ros.ament_python' and name 'arduinobot_py_example'
[0.583s] Level 1:colcon.colcon_core.package_discovery:discover_packages(recursive) using defaults
[0.583s] Level 1:colcon.colcon_core.package_discovery:discover_packages(ignore) discover
[0.583s] Level 1:colcon.colcon_core.package_discovery:discover_packages(ignore) using defaults
[0.583s] Level 1:colcon.colcon_core.package_discovery:discover_packages(path) discover
[0.583s] Level 1:colcon.colcon_core.package_discovery:discover_packages(path) using defaults
[0.633s] Level 1:colcon.colcon_core.package_discovery:discover_packages(prefix_path) check parameters
[0.633s] Level 1:colcon.colcon_core.package_discovery:discover_packages(prefix_path) discover
[0.650s] DEBUG:colcon.colcon_installed_package_information.package_discovery:Found 293 installed packages in /opt/ros/humble
[0.651s] Level 1:colcon.colcon_core.package_discovery:discover_packages(prefix_path) using defaults
[0.711s] Level 5:colcon.colcon_core.verb:set package 'arduinobot_cpp_example' build argument 'cmake_args' from command line to 'None'
[0.711s] Level 5:colcon.colcon_core.verb:set package 'arduinobot_cpp_example' build argument 'cmake_target' from command line to 'None'
[0.711s] Level 5:colcon.colcon_core.verb:set package 'arduinobot_cpp_example' build argument 'cmake_target_skip_unavailable' from command line to 'False'
[0.711s] Level 5:colcon.colcon_core.verb:set package 'arduinobot_cpp_example' build argument 'cmake_clean_cache' from command line to 'False'
[0.711s] Level 5:colcon.colcon_core.verb:set package 'arduinobot_cpp_example' build argument 'cmake_clean_first' from command line to 'False'
[0.711s] Level 5:colcon.colcon_core.verb:set package 'arduinobot_cpp_example' build argument 'cmake_force_configure' from command line to 'False'
[0.711s] Level 5:colcon.colcon_core.verb:set package 'arduinobot_cpp_example' build argument 'ament_cmake_args' from command line to 'None'
[0.711s] Level 5:colcon.colcon_core.verb:set package 'arduinobot_cpp_example' build argument 'catkin_cmake_args' from command line to 'None'
[0.711s] Level 5:colcon.colcon_core.verb:set package 'arduinobot_cpp_example' build argument 'catkin_skip_building_tests' from command line to 'False'
[0.711s] DEBUG:colcon.colcon_core.verb:Building package 'arduinobot_cpp_example' with the following arguments: {'ament_cmake_args': None, 'build_base': '/home/greer92/arduinobot_ws/build/arduinobot_cpp_example', 'catkin_cmake_args': None, 'catkin_skip_building_tests': False, 'cmake_args': None, 'cmake_clean_cache': False, 'cmake_clean_first': False, 'cmake_force_configure': False, 'cmake_target': None, 'cmake_target_skip_unavailable': False, 'install_base': '/home/greer92/arduinobot_ws/install/arduinobot_cpp_example', 'merge_install': False, 'path': '/home/greer92/arduinobot_ws/src/arduinobot_cpp_example', 'symlink_install': False, 'test_result_base': None}
[0.719s] Level 5:colcon.colcon_core.verb:set package 'arduinobot_description' build argument 'cmake_args' from command line to 'None'
[0.719s] Level 5:colcon.colcon_core.verb:set package 'arduinobot_description' build argument 'cmake_target' from command line to 'None'
[0.719s] Level 5:colcon.colcon_core.verb:set package 'arduinobot_description' build argument 'cmake_target_skip_unavailable' from command line to 'False'
[0.719s] Level 5:colcon.colcon_core.verb:set package 'arduinobot_description' build argument 'cmake_clean_cache' from command line to 'False'
[0.719s] Level 5:colcon.colcon_core.verb:set package 'arduinobot_description' build argument 'cmake_clean_first' from command line to 'False'
[0.719s] Level 5:colcon.colcon_core.verb:set package 'arduinobot_description' build argument 'cmake_force_configure' from command line to 'False'
[0.719s] Level 5:colcon.colcon_core.verb:set package 'arduinobot_description' build argument 'ament_cmake_args' from command line to 'None'
[0.720s] Level 5:colcon.colcon_core.verb:set package 'arduinobot_description' build argument 'catkin_cmake_args' from command line to 'None'
[0.720s] Level 5:colcon.colcon_core.verb:set package 'arduinobot_description' build argument 'catkin_skip_building_tests' from command line to 'False'
[0.720s] DEBUG:colcon.colcon_core.verb:Building package 'arduinobot_description' with the following arguments: {'ament_cmake_args': None, 'build_base': '/home/greer92/arduinobot_ws/build/arduinobot_description', 'catkin_cmake_args': None, 'catkin_skip_building_tests': False, 'cmake_args': None, 'cmake_clean_cache': False, 'cmake_clean_first': False, 'cmake_force_configure': False, 'cmake_target': None, 'cmake_target_skip_unavailable': False, 'install_base': '/home/greer92/arduinobot_ws/install/arduinobot_description', 'merge_install': False, 'path': '/home/greer92/arduinobot_ws/src/arduinobot_description', 'symlink_install': False, 'test_result_base': None}
[0.728s] Level 5:colcon.colcon_core.verb:set package 'arduinobot_py_example' build argument 'cmake_args' from command line to 'None'
[0.728s] Level 5:colcon.colcon_core.verb:set package 'arduinobot_py_example' build argument 'cmake_target' from command line to 'None'
[0.728s] Level 5:colcon.colcon_core.verb:set package 'arduinobot_py_example' build argument 'cmake_target_skip_unavailable' from command line to 'False'
[0.728s] Level 5:colcon.colcon_core.verb:set package 'arduinobot_py_example' build argument 'cmake_clean_cache' from command line to 'False'
[0.728s] Level 5:colcon.colcon_core.verb:set package 'arduinobot_py_example' build argument 'cmake_clean_first' from command line to 'False'
[0.728s] Level 5:colcon.colcon_core.verb:set package 'arduinobot_py_example' build argument 'cmake_force_configure' from command line to 'False'
[0.728s] Level 5:colcon.colcon_core.verb:set package 'arduinobot_py_example' build argument 'ament_cmake_args' from command line to 'None'
[0.728s] Level 5:colcon.colcon_core.verb:set package 'arduinobot_py_example' build argument 'catkin_cmake_args' from command line to 'None'
[0.728s] Level 5:colcon.colcon_core.verb:set package 'arduinobot_py_example' build argument 'catkin_skip_building_tests' from command line to 'False'
[0.728s] DEBUG:colcon.colcon_core.verb:Building package 'arduinobot_py_example' with the following arguments: {'ament_cmake_args': None, 'build_base': '/home/greer92/arduinobot_ws/build/arduinobot_py_example', 'catkin_cmake_args': None, 'catkin_skip_building_tests': False, 'cmake_args': None, 'cmake_clean_cache': False, 'cmake_clean_first': False, 'cmake_force_configure': False, 'cmake_target': None, 'cmake_target_skip_unavailable': False, 'install_base': '/home/greer92/arduinobot_ws/install/arduinobot_py_example', 'merge_install': False, 'path': '/home/greer92/arduinobot_ws/src/arduinobot_py_example', 'symlink_install': False, 'test_result_base': None}
[0.736s] INFO:colcon.colcon_core.executor:Executing jobs using 'parallel' executor
[0.744s] DEBUG:colcon.colcon_parallel_executor.executor.parallel:run_until_complete
[0.744s] INFO:colcon.colcon_ros.task.ament_cmake.build:Building ROS package in '/home/greer92/arduinobot_ws/src/arduinobot_cpp_example' with build type 'ament_cmake'
[0.744s] INFO:colcon.colcon_cmake.task.cmake.build:Building CMake package in '/home/greer92/arduinobot_ws/src/arduinobot_cpp_example'
[0.753s] INFO:colcon.colcon_core.plugin_system:Skipping extension 'colcon_core.shell.bat': Not used on non-Windows systems
[0.753s] INFO:colcon.colcon_core.shell:Skip shell extension 'powershell' for command environment: Not usable outside of PowerShell
[0.753s] DEBUG:colcon.colcon_core.shell:Skip shell extension 'dsv' for command environment
[0.770s] INFO:colcon.colcon_ros.task.ament_cmake.build:Building ROS package in '/home/greer92/arduinobot_ws/src/arduinobot_description' with build type 'ament_cmake'
[0.771s] INFO:colcon.colcon_cmake.task.cmake.build:Building CMake package in '/home/greer92/arduinobot_ws/src/arduinobot_description'
[0.779s] INFO:colcon.colcon_core.shell:Skip shell extension 'powershell' for command environment: Not usable outside of PowerShell
[0.779s] DEBUG:colcon.colcon_core.shell:Skip shell extension 'dsv' for command environment
[0.796s] INFO:colcon.colcon_ros.task.ament_python.build:Building ROS package in '/home/greer92/arduinobot_ws/src/arduinobot_py_example' with build type 'ament_python'
[0.796s] Level 1:colcon.colcon_core.shell:create_environment_hook('arduinobot_py_example', 'ament_prefix_path')
[0.804s] INFO:colcon.colcon_core.shell:Creating environment hook '/home/greer92/arduinobot_ws/install/arduinobot_py_example/share/arduinobot_py_example/hook/ament_prefix_path.ps1'
[0.804s] INFO:colcon.colcon_core.shell:Creating environment descriptor '/home/greer92/arduinobot_ws/install/arduinobot_py_example/share/arduinobot_py_example/hook/ament_prefix_path.dsv'
[0.805s] INFO:colcon.colcon_core.shell:Creating environment hook '/home/greer92/arduinobot_ws/install/arduinobot_py_example/share/arduinobot_py_example/hook/ament_prefix_path.sh'
[0.813s] INFO:colcon.colcon_core.shell:Skip shell extension 'powershell' for command environment: Not usable outside of PowerShell
[0.813s] DEBUG:colcon.colcon_core.shell:Skip shell extension 'dsv' for command environment
[0.833s] DEBUG:colcon.colcon_core.event_handler.log_command:Invoking command in '/home/greer92/arduinobot_ws/build/arduinobot_cpp_example': CMAKE_PREFIX_PATH=/opt/ros/humble /usr/bin/cmake --build /home/greer92/arduinobot_ws/build/arduinobot_cpp_example -- -j16 -l16
[0.834s] DEBUG:colcon.colcon_core.event_handler.log_command:Invoking command in '/home/greer92/arduinobot_ws/build/arduinobot_description': CMAKE_PREFIX_PATH=/opt/ros/humble /usr/bin/cmake --build /home/greer92/arduinobot_ws/build/arduinobot_description -- -j16 -l16
[0.978s] INFO:colcon.colcon_core.task.python.build:Building Python package in '/home/greer92/arduinobot_ws/src/arduinobot_py_example'
[0.987s] INFO:colcon.colcon_core.shell:Skip shell extension 'powershell' for command environment: Not usable outside of PowerShell
[0.987s] DEBUG:colcon.colcon_core.shell:Skip shell extension 'dsv' for command environment
[1.006s] DEBUG:colcon.colcon_core.event_handler.log_command:Invoked command in '/home/greer92/arduinobot_ws/build/arduinobot_description' returned '0': CMAKE_PREFIX_PATH=/opt/ros/humble /usr/bin/cmake --build /home/greer92/arduinobot_ws/build/arduinobot_description -- -j16 -l16
[1.007s] DEBUG:colcon.colcon_core.event_handler.log_command:Invoked command in '/home/greer92/arduinobot_ws/build/arduinobot_cpp_example' returned '0': CMAKE_PREFIX_PATH=/opt/ros/humble /usr/bin/cmake --build /home/greer92/arduinobot_ws/build/arduinobot_cpp_example -- -j16 -l16
[1.025s] DEBUG:colcon.colcon_core.event_handler.log_command:Invoking command in '/home/greer92/arduinobot_ws/build/arduinobot_description': CMAKE_PREFIX_PATH=/opt/ros/humble /usr/bin/cmake --install /home/greer92/arduinobot_ws/build/arduinobot_description
[1.027s] DEBUG:colcon.colcon_core.event_handler.log_command:Invoking command in '/home/greer92/arduinobot_ws/build/arduinobot_cpp_example': CMAKE_PREFIX_PATH=/opt/ros/humble /usr/bin/cmake --install /home/greer92/arduinobot_ws/build/arduinobot_cpp_example
[1.031s] Level 1:colcon.colcon_core.environment:create_environment_scripts_only(arduinobot_description)
[1.033s] DEBUG:colcon.colcon_core.event_handler.log_command:Invoked command in '/home/greer92/arduinobot_ws/build/arduinobot_description' returned '0': CMAKE_PREFIX_PATH=/opt/ros/humble /usr/bin/cmake --install /home/greer92/arduinobot_ws/build/arduinobot_description
[1.043s] Level 1:colcon.colcon_core.environment:checking '/home/greer92/arduinobot_ws/install/arduinobot_description' for CMake module files
[1.043s] Level 1:colcon.colcon_core.environment:checking '/home/greer92/arduinobot_ws/install/arduinobot_description' for CMake config files
[1.043s] Level 1:colcon.colcon_core.shell:create_environment_hook('arduinobot_description', 'cmake_prefix_path')
[1.052s] INFO:colcon.colcon_core.shell:Creating environment hook '/home/greer92/arduinobot_ws/install/arduinobot_description/share/arduinobot_description/hook/cmake_prefix_path.ps1'
[1.052s] INFO:colcon.colcon_core.shell:Creating environment descriptor '/home/greer92/arduinobot_ws/install/arduinobot_description/share/arduinobot_description/hook/cmake_prefix_path.dsv'
[1.052s] INFO:colcon.colcon_core.shell:Creating environment hook '/home/greer92/arduinobot_ws/install/arduinobot_description/share/arduinobot_description/hook/cmake_prefix_path.sh'
[1.053s] Level 1:colcon.colcon_core.environment:checking '/home/greer92/arduinobot_ws/install/arduinobot_description/bin'
[1.053s] Level 1:colcon.colcon_core.environment:checking '/home/greer92/arduinobot_ws/install/arduinobot_description/lib/pkgconfig/arduinobot_description.pc'
[1.053s] Level 1:colcon.colcon_core.environment:checking '/home/greer92/arduinobot_ws/install/arduinobot_description/lib/python3.10/site-packages'
[1.053s] Level 1:colcon.colcon_core.environment:checking '/home/greer92/arduinobot_ws/install/arduinobot_description/bin'
[1.062s] INFO:colcon.colcon_core.shell:Creating package script '/home/greer92/arduinobot_ws/install/arduinobot_description/share/arduinobot_description/package.ps1'
[1.062s] INFO:colcon.colcon_core.shell:Creating package descriptor '/home/greer92/arduinobot_ws/install/arduinobot_description/share/arduinobot_description/package.dsv'
[1.062s] INFO:colcon.colcon_core.shell:Creating package script '/home/greer92/arduinobot_ws/install/arduinobot_description/share/arduinobot_description/package.sh'
[1.063s] INFO:colcon.colcon_core.shell:Creating package script '/home/greer92/arduinobot_ws/install/arduinobot_description/share/arduinobot_description/package.bash'
[1.063s] INFO:colcon.colcon_core.shell:Creating package script '/home/greer92/arduinobot_ws/install/arduinobot_description/share/arduinobot_description/package.zsh'
[1.063s] Level 1:colcon.colcon_core.environment:create_file_with_runtime_dependencies(/home/greer92/arduinobot_ws/install/arduinobot_description/share/colcon-core/packages/arduinobot_description)
[1.065s] Level 1:colcon.colcon_core.environment:create_environment_scripts_only(arduinobot_cpp_example)
[1.065s] DEBUG:colcon.colcon_core.event_handler.log_command:Invoked command in '/home/greer92/arduinobot_ws/build/arduinobot_cpp_example' returned '0': CMAKE_PREFIX_PATH=/opt/ros/humble /usr/bin/cmake --install /home/greer92/arduinobot_ws/build/arduinobot_cpp_example
[1.074s] Level 1:colcon.colcon_core.environment:checking '/home/greer92/arduinobot_ws/install/arduinobot_cpp_example' for CMake module files
[1.074s] Level 1:colcon.colcon_core.environment:checking '/home/greer92/arduinobot_ws/install/arduinobot_cpp_example' for CMake config files
[1.074s] Level 1:colcon.colcon_core.shell:create_environment_hook('arduinobot_cpp_example', 'cmake_prefix_path')
[1.083s] INFO:colcon.colcon_core.shell:Creating environment hook '/home/greer92/arduinobot_ws/install/arduinobot_cpp_example/share/arduinobot_cpp_example/hook/cmake_prefix_path.ps1'
[1.083s] INFO:colcon.colcon_core.shell:Creating environment descriptor '/home/greer92/arduinobot_ws/install/arduinobot_cpp_example/share/arduinobot_cpp_example/hook/cmake_prefix_path.dsv'
[1.083s] INFO:colcon.colcon_core.shell:Creating environment hook '/home/greer92/arduinobot_ws/install/arduinobot_cpp_example/share/arduinobot_cpp_example/hook/cmake_prefix_path.sh'
[1.084s] Level 1:colcon.colcon_core.environment:checking '/home/greer92/arduinobot_ws/install/arduinobot_cpp_example/lib'
[1.084s] Level 1:colcon.colcon_core.environment:checking '/home/greer92/arduinobot_ws/install/arduinobot_cpp_example/bin'
[1.084s] Level 1:colcon.colcon_core.environment:checking '/home/greer92/arduinobot_ws/install/arduinobot_cpp_example/lib/pkgconfig/arduinobot_cpp_example.pc'
[1.084s] Level 1:colcon.colcon_core.environment:checking '/home/greer92/arduinobot_ws/install/arduinobot_cpp_example/lib/python3.10/site-packages'
[1.084s] Level 1:colcon.colcon_core.environment:checking '/home/greer92/arduinobot_ws/install/arduinobot_cpp_example/bin'
[1.092s] INFO:colcon.colcon_core.shell:Creating package script '/home/greer92/arduinobot_ws/install/arduinobot_cpp_example/share/arduinobot_cpp_example/package.ps1'
[1.093s] INFO:colcon.colcon_core.shell:Creating package descriptor '/home/greer92/arduinobot_ws/install/arduinobot_cpp_example/share/arduinobot_cpp_example/package.dsv'
[1.093s] INFO:colcon.colcon_core.shell:Creating package script '/home/greer92/arduinobot_ws/install/arduinobot_cpp_example/share/arduinobot_cpp_example/package.sh'
[1.093s] INFO:colcon.colcon_core.shell:Creating package script '/home/greer92/arduinobot_ws/install/arduinobot_cpp_example/share/arduinobot_cpp_example/package.bash'
[1.093s] INFO:colcon.colcon_core.shell:Creating package script '/home/greer92/arduinobot_ws/install/arduinobot_cpp_example/share/arduinobot_cpp_example/package.zsh'
[1.093s] Level 1:colcon.colcon_core.environment:create_file_with_runtime_dependencies(/home/greer92/arduinobot_ws/install/arduinobot_cpp_example/share/colcon-core/packages/arduinobot_cpp_example)
[1.102s] Level 1:colcon.colcon_core.environment:create_environment_scripts_only(arduinobot_description)
[1.111s] Level 1:colcon.colcon_core.environment:checking '/home/greer92/arduinobot_ws/install/arduinobot_description' for CMake module files
[1.111s] Level 1:colcon.colcon_core.environment:checking '/home/greer92/arduinobot_ws/install/arduinobot_description' for CMake config files
[1.111s] Level 1:colcon.colcon_core.shell:create_environment_hook('arduinobot_description', 'cmake_prefix_path')
[1.119s] INFO:colcon.colcon_core.shell:Creating environment hook '/home/greer92/arduinobot_ws/install/arduinobot_description/share/arduinobot_description/hook/cmake_prefix_path.ps1'
[1.120s] INFO:colcon.colcon_core.shell:Creating environment descriptor '/home/greer92/arduinobot_ws/install/arduinobot_description/share/arduinobot_description/hook/cmake_prefix_path.dsv'
[1.120s] INFO:colcon.colcon_core.shell:Creating environment hook '/home/greer92/arduinobot_ws/install/arduinobot_description/share/arduinobot_description/hook/cmake_prefix_path.sh'
[1.120s] Level 1:colcon.colcon_core.environment:checking '/home/greer92/arduinobot_ws/install/arduinobot_description/bin'
[1.120s] Level 1:colcon.colcon_core.environment:checking '/home/greer92/arduinobot_ws/install/arduinobot_description/lib/pkgconfig/arduinobot_description.pc'
[1.120s] Level 1:colcon.colcon_core.environment:checking '/home/greer92/arduinobot_ws/install/arduinobot_description/lib/python3.10/site-packages'
[1.120s] Level 1:colcon.colcon_core.environment:checking '/home/greer92/arduinobot_ws/install/arduinobot_description/bin'
[1.129s] INFO:colcon.colcon_core.shell:Creating package script '/home/greer92/arduinobot_ws/install/arduinobot_description/share/arduinobot_description/package.ps1'
[1.130s] INFO:colcon.colcon_core.shell:Creating package descriptor '/home/greer92/arduinobot_ws/install/arduinobot_description/share/arduinobot_description/package.dsv'
[1.130s] INFO:colcon.colcon_core.shell:Creating package script '/home/greer92/arduinobot_ws/install/arduinobot_description/share/arduinobot_description/package.sh'
[1.130s] INFO:colcon.colcon_core.shell:Creating package script '/home/greer92/arduinobot_ws/install/arduinobot_description/share/arduinobot_description/package.bash'
[1.130s] INFO:colcon.colcon_core.shell:Creating package script '/home/greer92/arduinobot_ws/install/arduinobot_description/share/arduinobot_description/package.zsh'
[1.131s] Level 1:colcon.colcon_core.environment:create_file_with_runtime_dependencies(/home/greer92/arduinobot_ws/install/arduinobot_description/share/colcon-core/packages/arduinobot_description)
[1.140s] Level 1:colcon.colcon_core.environment:create_environment_scripts_only(arduinobot_cpp_example)
[1.149s] Level 1:colcon.colcon_core.environment:checking '/home/greer92/arduinobot_ws/install/arduinobot_cpp_example' for CMake module files
[1.149s] Level 1:colcon.colcon_core.environment:checking '/home/greer92/arduinobot_ws/install/arduinobot_cpp_example' for CMake config files
[1.149s] Level 1:colcon.colcon_core.shell:create_environment_hook('arduinobot_cpp_example', 'cmake_prefix_path')
[1.159s] INFO:colcon.colcon_core.shell:Creating environment hook '/home/greer92/arduinobot_ws/install/arduinobot_cpp_example/share/arduinobot_cpp_example/hook/cmake_prefix_path.ps1'
[1.159s] INFO:colcon.colcon_core.shell:Creating environment descriptor '/home/greer92/arduinobot_ws/install/arduinobot_cpp_example/share/arduinobot_cpp_example/hook/cmake_prefix_path.dsv'
[1.159s] INFO:colcon.colcon_core.shell:Creating environment hook '/home/greer92/arduinobot_ws/install/arduinobot_cpp_example/share/arduinobot_cpp_example/hook/cmake_prefix_path.sh'
[1.160s] Level 1:colcon.colcon_core.environment:checking '/home/greer92/arduinobot_ws/install/arduinobot_cpp_example/lib'
[1.160s] Level 1:colcon.colcon_core.environment:checking '/home/greer92/arduinobot_ws/install/arduinobot_cpp_example/bin'
[1.160s] Level 1:colcon.colcon_core.environment:checking '/home/greer92/arduinobot_ws/install/arduinobot_cpp_example/lib/pkgconfig/arduinobot_cpp_example.pc'
[1.160s] Level 1:colcon.colcon_core.environment:checking '/home/greer92/arduinobot_ws/install/arduinobot_cpp_example/lib/python3.10/site-packages'
[1.160s] Level 1:colcon.colcon_core.environment:checking '/home/greer92/arduinobot_ws/install/arduinobot_cpp_example/bin'
[1.169s] INFO:colcon.colcon_core.shell:Creating package script '/home/greer92/arduinobot_ws/install/arduinobot_cpp_example/share/arduinobot_cpp_example/package.ps1'
[1.170s] INFO:colcon.colcon_core.shell:Creating package descriptor '/home/greer92/arduinobot_ws/install/arduinobot_cpp_example/share/arduinobot_cpp_example/package.dsv'
[1.170s] INFO:colcon.colcon_core.shell:Creating package script '/home/greer92/arduinobot_ws/install/arduinobot_cpp_example/share/arduinobot_cpp_example/package.sh'
[1.170s] INFO:colcon.colcon_core.shell:Creating package script '/home/greer92/arduinobot_ws/install/arduinobot_cpp_example/share/arduinobot_cpp_example/package.bash'
[1.170s] INFO:colcon.colcon_core.shell:Creating package script '/home/greer92/arduinobot_ws/install/arduinobot_cpp_example/share/arduinobot_cpp_example/package.zsh'
[1.171s] Level 1:colcon.colcon_core.environment:create_file_with_runtime_dependencies(/home/greer92/arduinobot_ws/install/arduinobot_cpp_example/share/colcon-core/packages/arduinobot_cpp_example)
[1.204s] DEBUG:colcon.colcon_core.event_handler.log_command:Invoking command in '/home/greer92/arduinobot_ws/src/arduinobot_py_example': PYTHONPATH=/home/greer92/arduinobot_ws/build/arduinobot_py_example/prefix_override:/home/greer92/arduinobot_ws/install/arduinobot_py_example/lib/python3.10/site-packages:${PYTHONPATH} /usr/bin/python3 setup.py egg_info --egg-base ../../build/arduinobot_py_example build --build-base /home/greer92/arduinobot_ws/build/arduinobot_py_example/build install --record /home/greer92/arduinobot_ws/build/arduinobot_py_example/install.log --single-version-externally-managed
[1.369s] DEBUG:colcon.colcon_core.event_handler.log_command:Invoked command in '/home/greer92/arduinobot_ws/src/arduinobot_py_example' returned '0': PYTHONPATH=/home/greer92/arduinobot_ws/build/arduinobot_py_example/prefix_override:/home/greer92/arduinobot_ws/install/arduinobot_py_example/lib/python3.10/site-packages:${PYTHONPATH} /usr/bin/python3 setup.py egg_info --egg-base ../../build/arduinobot_py_example build --build-base /home/greer92/arduinobot_ws/build/arduinobot_py_example/build install --record /home/greer92/arduinobot_ws/build/arduinobot_py_example/install.log --single-version-externally-managed
[1.378s] Level 1:colcon.colcon_core.environment:checking '/home/greer92/arduinobot_ws/install/arduinobot_py_example' for CMake module files
[1.378s] Level 1:colcon.colcon_core.environment:checking '/home/greer92/arduinobot_ws/install/arduinobot_py_example' for CMake config files
[1.378s] Level 1:colcon.colcon_core.environment:checking '/home/greer92/arduinobot_ws/install/arduinobot_py_example/lib'
[1.378s] Level 1:colcon.colcon_core.environment:checking '/home/greer92/arduinobot_ws/install/arduinobot_py_example/bin'
[1.378s] Level 1:colcon.colcon_core.environment:checking '/home/greer92/arduinobot_ws/install/arduinobot_py_example/lib/pkgconfig/arduinobot_py_example.pc'
[1.379s] Level 1:colcon.colcon_core.environment:checking '/home/greer92/arduinobot_ws/install/arduinobot_py_example/lib/python3.10/site-packages'
[1.379s] Level 1:colcon.colcon_core.shell:create_environment_hook('arduinobot_py_example', 'pythonpath')
[1.387s] INFO:colcon.colcon_core.shell:Creating environment hook '/home/greer92/arduinobot_ws/install/arduinobot_py_example/share/arduinobot_py_example/hook/pythonpath.ps1'
[1.387s] INFO:colcon.colcon_core.shell:Creating environment descriptor '/home/greer92/arduinobot_ws/install/arduinobot_py_example/share/arduinobot_py_example/hook/pythonpath.dsv'
[1.387s] INFO:colcon.colcon_core.shell:Creating environment hook '/home/greer92/arduinobot_ws/install/arduinobot_py_example/share/arduinobot_py_example/hook/pythonpath.sh'
[1.388s] Level 1:colcon.colcon_core.environment:checking '/home/greer92/arduinobot_ws/install/arduinobot_py_example/bin'
[1.388s] Level 1:colcon.colcon_core.environment:create_environment_scripts_only(arduinobot_py_example)
[1.396s] INFO:colcon.colcon_core.shell:Creating package script '/home/greer92/arduinobot_ws/install/arduinobot_py_example/share/arduinobot_py_example/package.ps1'
[1.396s] INFO:colcon.colcon_core.shell:Creating package descriptor '/home/greer92/arduinobot_ws/install/arduinobot_py_example/share/arduinobot_py_example/package.dsv'
[1.396s] INFO:colcon.colcon_core.shell:Creating package script '/home/greer92/arduinobot_ws/install/arduinobot_py_example/share/arduinobot_py_example/package.sh'
[1.397s] INFO:colcon.colcon_core.shell:Creating package script '/home/greer92/arduinobot_ws/install/arduinobot_py_example/share/arduinobot_py_example/package.bash'
[1.397s] INFO:colcon.colcon_core.shell:Creating package script '/home/greer92/arduinobot_ws/install/arduinobot_py_example/share/arduinobot_py_example/package.zsh'
[1.397s] Level 1:colcon.colcon_core.environment:create_file_with_runtime_dependencies(/home/greer92/arduinobot_ws/install/arduinobot_py_example/share/colcon-core/packages/arduinobot_py_example)
[1.397s] DEBUG:colcon.colcon_parallel_executor.executor.parallel:closing loop
[1.397s] DEBUG:colcon.colcon_parallel_executor.executor.parallel:loop closed
[1.397s] DEBUG:colcon.colcon_parallel_executor.executor.parallel:run_until_complete finished with '0'
[1.397s] DEBUG:colcon.colcon_core.event_reactor:joining thread
[1.409s] INFO:colcon.colcon_core.plugin_system:Skipping extension 'colcon_notification.desktop_notification.terminal_notifier': Not used on non-Darwin systems
[1.409s] INFO:colcon.colcon_core.plugin_system:Skipping extension 'colcon_notification.desktop_notification.win32': Not used on non-Windows systems
[1.409s] INFO:colcon.colcon_notification.desktop_notification:Sending desktop notification using 'notify2'
[1.417s] DEBUG:colcon.colcon_core.event_reactor:joined thread
[1.425s] INFO:colcon.colcon_core.shell:Creating prefix script '/home/greer92/arduinobot_ws/install/local_setup.ps1'
[1.426s] INFO:colcon.colcon_core.shell:Creating prefix util module '/home/greer92/arduinobot_ws/install/_local_setup_util_ps1.py'
[1.427s] INFO:colcon.colcon_core.shell:Creating prefix chain script '/home/greer92/arduinobot_ws/install/setup.ps1'
[1.435s] INFO:colcon.colcon_core.shell:Creating prefix script '/home/greer92/arduinobot_ws/install/local_setup.sh'
[1.435s] INFO:colcon.colcon_core.shell:Creating prefix util module '/home/greer92/arduinobot_ws/install/_local_setup_util_sh.py'
[1.436s] INFO:colcon.colcon_core.shell:Creating prefix chain script '/home/greer92/arduinobot_ws/install/setup.sh'
[1.444s] INFO:colcon.colcon_core.shell:Creating prefix script '/home/greer92/arduinobot_ws/install/local_setup.bash'
[1.444s] INFO:colcon.colcon_core.shell:Creating prefix chain script '/home/greer92/arduinobot_ws/install/setup.bash'
[1.452s] INFO:colcon.colcon_core.shell:Creating prefix script '/home/greer92/arduinobot_ws/install/local_setup.zsh'
[1.453s] INFO:colcon.colcon_core.shell:Creating prefix chain script '/home/greer92/arduinobot_ws/install/setup.zsh'
