[0.129s] Invoking command in '/home/greer92/arduinobot_ws/build/arduinobot_description': CMAKE_PREFIX_PATH=/opt/ros/humble /usr/bin/cmake /home/greer92/arduinobot_ws/src/arduinobot_description -DCMAKE_INSTALL_PREFIX=/home/greer92/arduinobot_ws/install/arduinobot_description
[0.190s] -- The C compiler identification is GNU 11.4.0
[0.256s] -- The CXX compiler identification is GNU 11.4.0
[0.265s] -- Detecting C compiler ABI info
[0.344s] -- Detecting C compiler ABI info - done
[0.353s] -- Check for working C compiler: /usr/bin/cc - skipped
[0.353s] -- Detecting C compile features
[0.354s] -- Detecting C compile features - done
[0.357s] -- Detecting CXX compiler ABI info
[0.450s] -- Detecting CXX compiler ABI info - done
[0.461s] -- Check for working CXX compiler: /usr/bin/c++ - skipped
[0.461s] -- Detecting CXX compile features
[0.461s] -- Detecting CXX compile features - done
[0.462s] -- Found ament_cmake: 1.3.8 (/opt/ros/humble/share/ament_cmake/cmake)
[0.641s] -- Found Python3: /usr/bin/python3 (found version "3.10.12") found components: Interpreter 
[0.738s] -- Found ament_lint_auto: 0.12.10 (/opt/ros/humble/share/ament_lint_auto/cmake)
[0.827s] -- Added test 'lint_cmake' to check CMake code style
[0.828s] -- Added test 'xmllint' to check XML markup files
[0.829s] -- Configuring done
[0.831s] -- Generating done
[0.833s] -- Build files have been written to: /home/greer92/arduinobot_ws/build/arduinobot_description
[0.838s] Invoked command in '/home/greer92/arduinobot_ws/build/arduinobot_description' returned '0': CMAKE_PREFIX_PATH=/opt/ros/humble /usr/bin/cmake /home/greer92/arduinobot_ws/src/arduinobot_description -DCMAKE_INSTALL_PREFIX=/home/greer92/arduinobot_ws/install/arduinobot_description
[0.840s] Invoking command in '/home/greer92/arduinobot_ws/build/arduinobot_description': CMAKE_PREFIX_PATH=/opt/ros/humble /usr/bin/cmake --build /home/greer92/arduinobot_ws/build/arduinobot_description -- -j16 -l16
[0.883s] Invoked command in '/home/greer92/arduinobot_ws/build/arduinobot_description' returned '0': CMAKE_PREFIX_PATH=/opt/ros/humble /usr/bin/cmake --build /home/greer92/arduinobot_ws/build/arduinobot_description -- -j16 -l16
[0.910s] Invoking command in '/home/greer92/arduinobot_ws/build/arduinobot_description': CMAKE_PREFIX_PATH=/opt/ros/humble /usr/bin/cmake --install /home/greer92/arduinobot_ws/build/arduinobot_description
[0.918s] -- Install configuration: ""
[0.919s] -- Installing: /home/greer92/arduinobot_ws/install/arduinobot_description/share/ament_index/resource_index/package_run_dependencies/arduinobot_description
[0.919s] -- Installing: /home/greer92/arduinobot_ws/install/arduinobot_description/share/ament_index/resource_index/parent_prefix_path/arduinobot_description
[0.919s] -- Installing: /home/greer92/arduinobot_ws/install/arduinobot_description/share/arduinobot_description/environment/ament_prefix_path.sh
[0.919s] -- Installing: /home/greer92/arduinobot_ws/install/arduinobot_description/share/arduinobot_description/environment/ament_prefix_path.dsv
[0.919s] -- Installing: /home/greer92/arduinobot_ws/install/arduinobot_description/share/arduinobot_description/environment/path.sh
[0.919s] -- Installing: /home/greer92/arduinobot_ws/install/arduinobot_description/share/arduinobot_description/environment/path.dsv
[0.919s] -- Installing: /home/greer92/arduinobot_ws/install/arduinobot_description/share/arduinobot_description/local_setup.bash
[0.919s] -- Installing: /home/greer92/arduinobot_ws/install/arduinobot_description/share/arduinobot_description/local_setup.sh
[0.920s] -- Installing: /home/greer92/arduinobot_ws/install/arduinobot_description/share/arduinobot_description/local_setup.zsh
[0.920s] -- Installing: /home/greer92/arduinobot_ws/install/arduinobot_description/share/arduinobot_description/local_setup.dsv
[0.920s] -- Installing: /home/greer92/arduinobot_ws/install/arduinobot_description/share/arduinobot_description/package.dsv
[0.920s] -- Installing: /home/greer92/arduinobot_ws/install/arduinobot_description/share/ament_index/resource_index/packages/arduinobot_description
[0.920s] -- Installing: /home/greer92/arduinobot_ws/install/arduinobot_description/share/arduinobot_description/cmake/arduinobot_descriptionConfig.cmake
[0.920s] -- Installing: /home/greer92/arduinobot_ws/install/arduinobot_description/share/arduinobot_description/cmake/arduinobot_descriptionConfig-version.cmake
[0.920s] -- Installing: /home/greer92/arduinobot_ws/install/arduinobot_description/share/arduinobot_description/package.xml
[0.923s] Invoked command in '/home/greer92/arduinobot_ws/build/arduinobot_description' returned '0': CMAKE_PREFIX_PATH=/opt/ros/humble /usr/bin/cmake --install /home/greer92/arduinobot_ws/build/arduinobot_description
