running egg_info
writing ../../build/arduinobot_py_example/arduinobot_py_example.egg-info/PKG-INFO
writing dependency_links to ../../build/arduinobot_py_example/arduinobot_py_example.egg-info/dependency_links.txt
writing entry points to ../../build/arduinobot_py_example/arduinobot_py_example.egg-info/entry_points.txt
writing requirements to ../../build/arduinobot_py_example/arduinobot_py_example.egg-info/requires.txt
writing top-level names to ../../build/arduinobot_py_example/arduinobot_py_example.egg-info/top_level.txt
reading manifest file '../../build/arduinobot_py_example/arduinobot_py_example.egg-info/SOURCES.txt'
writing manifest file '../../build/arduinobot_py_example/arduinobot_py_example.egg-info/SOURCES.txt'
running build
running build_py
running install
/usr/lib/python3/dist-packages/setuptools/command/install.py:34: SetuptoolsDeprecationWarning: setup.py install is deprecated. Use build and pip and other standards-based tools.
  warnings.warn(
running install_lib
running install_data
running install_egg_info
removing '/home/greer92/arduinobot_ws/install/arduinobot_py_example/lib/python3.10/site-packages/arduinobot_py_example-0.0.0-py3.10.egg-info' (and everything under it)
Copying ../../build/arduinobot_py_example/arduinobot_py_example.egg-info to /home/greer92/arduinobot_ws/install/arduinobot_py_example/lib/python3.10/site-packages/arduinobot_py_example-0.0.0-py3.10.egg-info
running install_scripts
writing list of installed files to '/home/greer92/arduinobot_ws/build/arduinobot_py_example/install.log'
