[0.132s] Invoking command in '/home/greer92/arduinobot_ws/build/arduinobot_description': CMAKE_PREFIX_PATH=/opt/ros/humble /usr/bin/cmake --build /home/greer92/arduinobot_ws/build/arduinobot_description -- -j16 -l16
[0.156s] -- Found ament_cmake: 1.3.8 (/opt/ros/humble/share/ament_cmake/cmake)
[0.316s] -- Found ament_lint_auto: 0.12.10 (/opt/ros/humble/share/ament_lint_auto/cmake)
[0.404s] -- Added test 'lint_cmake' to check CMake code style
[0.405s] -- Added test 'xmllint' to check XML markup files
[0.406s] -- Configuring done
[0.408s] -- Generating done
[0.410s] -- Build files have been written to: /home/greer92/arduinobot_ws/build/arduinobot_description
[0.516s] Invoked command in '/home/greer92/arduinobot_ws/build/arduinobot_description' returned '0': CMAKE_PREFIX_PATH=/opt/ros/humble /usr/bin/cmake --build /home/greer92/arduinobot_ws/build/arduinobot_description -- -j16 -l16
[0.552s] Invoking command in '/home/greer92/arduinobot_ws/build/arduinobot_description': CMAKE_PREFIX_PATH=/opt/ros/humble /usr/bin/cmake --install /home/greer92/arduinobot_ws/build/arduinobot_description
[0.561s] -- Install configuration: ""
[0.561s] -- Installing: /home/greer92/arduinobot_ws/install/arduinobot_description/share/arduinobot_description/meshes
[0.561s] -- Installing: /home/greer92/arduinobot_ws/install/arduinobot_description/share/arduinobot_description/meshes/horizontal_arm.STL
[0.563s] -- Installing: /home/greer92/arduinobot_ws/install/arduinobot_description/share/arduinobot_description/meshes/servo_plate.STL
[0.564s] -- Installing: /home/greer92/arduinobot_ws/install/arduinobot_description/share/arduinobot_description/meshes/left_finger.STL
[0.565s] -- Installing: /home/greer92/arduinobot_ws/install/arduinobot_description/share/arduinobot_description/meshes/right_finger.STL
[0.565s] -- Installing: /home/greer92/arduinobot_ws/install/arduinobot_description/share/arduinobot_description/meshes/round_plate.STL
[0.565s] -- Installing: /home/greer92/arduinobot_ws/install/arduinobot_description/share/arduinobot_description/meshes/link.STL
[0.566s] -- Installing: /home/greer92/arduinobot_ws/install/arduinobot_description/share/arduinobot_description/meshes/claw_support.STL
[0.567s] -- Installing: /home/greer92/arduinobot_ws/install/arduinobot_description/share/arduinobot_description/meshes/plate.STL
[0.570s] -- Installing: /home/greer92/arduinobot_ws/install/arduinobot_description/share/arduinobot_description/meshes/vertical_drive_arm.STL
[0.571s] -- Installing: /home/greer92/arduinobot_ws/install/arduinobot_description/share/arduinobot_description/meshes/triangular_link.STL
[0.572s] -- Installing: /home/greer92/arduinobot_ws/install/arduinobot_description/share/arduinobot_description/meshes/basement.STL
[0.574s] -- Installing: /home/greer92/arduinobot_ws/install/arduinobot_description/share/arduinobot_description/meshes/forward_drive_arm.STL
[0.576s] -- Installing: /home/greer92/arduinobot_ws/install/arduinobot_description/share/arduinobot_description/meshes/base_plate.STL
[0.580s] -- Installing: /home/greer92/arduinobot_ws/install/arduinobot_description/share/arduinobot_description/urdf
[0.580s] -- Installing: /home/greer92/arduinobot_ws/install/arduinobot_description/share/arduinobot_description/urdf/arduinobot.urdf.xacro
[0.580s] -- Up-to-date: /home/greer92/arduinobot_ws/install/arduinobot_description/share/ament_index/resource_index/package_run_dependencies/arduinobot_description
[0.580s] -- Up-to-date: /home/greer92/arduinobot_ws/install/arduinobot_description/share/ament_index/resource_index/parent_prefix_path/arduinobot_description
[0.581s] -- Up-to-date: /home/greer92/arduinobot_ws/install/arduinobot_description/share/arduinobot_description/environment/ament_prefix_path.sh
[0.581s] -- Installing: /home/greer92/arduinobot_ws/install/arduinobot_description/share/arduinobot_description/environment/ament_prefix_path.dsv
[0.581s] -- Up-to-date: /home/greer92/arduinobot_ws/install/arduinobot_description/share/arduinobot_description/environment/path.sh
[0.581s] -- Installing: /home/greer92/arduinobot_ws/install/arduinobot_description/share/arduinobot_description/environment/path.dsv
[0.581s] -- Up-to-date: /home/greer92/arduinobot_ws/install/arduinobot_description/share/arduinobot_description/local_setup.bash
[0.581s] -- Up-to-date: /home/greer92/arduinobot_ws/install/arduinobot_description/share/arduinobot_description/local_setup.sh
[0.581s] -- Up-to-date: /home/greer92/arduinobot_ws/install/arduinobot_description/share/arduinobot_description/local_setup.zsh
[0.581s] -- Installing: /home/greer92/arduinobot_ws/install/arduinobot_description/share/arduinobot_description/local_setup.dsv
[0.582s] -- Installing: /home/greer92/arduinobot_ws/install/arduinobot_description/share/arduinobot_description/package.dsv
[0.582s] -- Up-to-date: /home/greer92/arduinobot_ws/install/arduinobot_description/share/ament_index/resource_index/packages/arduinobot_description
[0.582s] -- Up-to-date: /home/greer92/arduinobot_ws/install/arduinobot_description/share/arduinobot_description/cmake/arduinobot_descriptionConfig.cmake
[0.582s] -- Up-to-date: /home/greer92/arduinobot_ws/install/arduinobot_description/share/arduinobot_description/cmake/arduinobot_descriptionConfig-version.cmake
[0.582s] -- Up-to-date: /home/greer92/arduinobot_ws/install/arduinobot_description/share/arduinobot_description/package.xml
[0.635s] Invoked command in '/home/greer92/arduinobot_ws/build/arduinobot_description' returned '0': CMAKE_PREFIX_PATH=/opt/ros/humble /usr/bin/cmake --install /home/greer92/arduinobot_ws/build/arduinobot_description
