[0.171s] Invoking command in '/home/greer92/arduinobot_ws/build/arduinobot_cpp_example': CMAKE_PREFIX_PATH=${CMAKE_PREFIX_PATH}:/home/greer92/arduinobot_ws/install/arduinobot_py_example:/opt/ros/humble /usr/bin/cmake --build /home/greer92/arduinobot_ws/build/arduinobot_cpp_example -- -j16 -l16
[0.201s] -- Found ament_cmake: 1.3.8 (/opt/ros/humble/share/ament_cmake/cmake)
[0.360s] -- Found rclcpp: 16.0.8 (/opt/ros/humble/share/rclcpp/cmake)
[0.398s] -- Found rosidl_generator_c: 3.1.5 (/opt/ros/humble/share/rosidl_generator_c/cmake)
[0.401s] -- Found rosidl_adapter: 3.1.5 (/opt/ros/humble/share/rosidl_adapter/cmake)
[0.408s] -- Found rosidl_generator_cpp: 3.1.5 (/opt/ros/humble/share/rosidl_generator_cpp/cmake)
[0.422s] -- Using all available rosidl_typesupport_c: rosidl_typesupport_fastrtps_c;rosidl_typesupport_introspection_c
[0.442s] -- Using all available rosidl_typesupport_cpp: rosidl_typesupport_fastrtps_cpp;rosidl_typesupport_introspection_cpp
[0.533s] -- Found rmw_implementation_cmake: 6.1.1 (/opt/ros/humble/share/rmw_implementation_cmake/cmake)
[0.533s] -- Found rmw_fastrtps_cpp: 6.2.6 (/opt/ros/humble/share/rmw_fastrtps_cpp/cmake)
[0.676s] -- Using RMW implementation 'rmw_fastrtps_cpp' as default
[0.873s] -- Found ament_lint_auto: 0.12.10 (/opt/ros/humble/share/ament_lint_auto/cmake)
[0.962s] -- Added test 'cppcheck' to perform static code analysis on C / C++ code
[0.962s] -- Configured cppcheck include dirs: 
[0.962s] -- Configured cppcheck exclude dirs and/or files: 
[0.963s] -- Added test 'lint_cmake' to check CMake code style
[0.964s] -- Added test 'uncrustify' to check C / C++ code style
[0.965s] -- Configured uncrustify additional arguments: 
[0.965s] -- Added test 'xmllint' to check XML markup files
[0.966s] -- Configuring done
[0.986s] -- Generating done
[0.988s] -- Build files have been written to: /home/greer92/arduinobot_ws/build/arduinobot_cpp_example
[1.022s] [35m[1mConsolidate compiler generated dependencies of target simple_publisher[0m
[1.034s] [ 25%] [32mBuilding CXX object CMakeFiles/simple_subscriber.dir/src/simple_subscriber.cpp.o[0m
[1.043s] [ 75%] Built target simple_publisher
[11.065s] [100%] [32m[1mLinking CXX executable simple_subscriber[0m
[11.508s] [100%] Built target simple_subscriber
[11.522s] Invoked command in '/home/greer92/arduinobot_ws/build/arduinobot_cpp_example' returned '0': CMAKE_PREFIX_PATH=${CMAKE_PREFIX_PATH}:/home/greer92/arduinobot_ws/install/arduinobot_py_example:/opt/ros/humble /usr/bin/cmake --build /home/greer92/arduinobot_ws/build/arduinobot_cpp_example -- -j16 -l16
[11.567s] Invoking command in '/home/greer92/arduinobot_ws/build/arduinobot_cpp_example': CMAKE_PREFIX_PATH=${CMAKE_PREFIX_PATH}:/home/greer92/arduinobot_ws/install/arduinobot_py_example:/opt/ros/humble /usr/bin/cmake --install /home/greer92/arduinobot_ws/build/arduinobot_cpp_example
[11.575s] -- Install configuration: ""
[11.575s] -- Up-to-date: /home/greer92/arduinobot_ws/install/arduinobot_cpp_example/lib/arduinobot_cpp_example/simple_publisher
[11.576s] -- Installing: /home/greer92/arduinobot_ws/install/arduinobot_cpp_example/lib/arduinobot_cpp_example/simple_subscriber
[11.580s] -- Set runtime path of "/home/greer92/arduinobot_ws/install/arduinobot_cpp_example/lib/arduinobot_cpp_example/simple_subscriber" to ""
[11.580s] -- Up-to-date: /home/greer92/arduinobot_ws/install/arduinobot_cpp_example/share/ament_index/resource_index/package_run_dependencies/arduinobot_cpp_example
[11.580s] -- Up-to-date: /home/greer92/arduinobot_ws/install/arduinobot_cpp_example/share/ament_index/resource_index/parent_prefix_path/arduinobot_cpp_example
[11.580s] -- Up-to-date: /home/greer92/arduinobot_ws/install/arduinobot_cpp_example/share/arduinobot_cpp_example/environment/ament_prefix_path.sh
[11.580s] -- Installing: /home/greer92/arduinobot_ws/install/arduinobot_cpp_example/share/arduinobot_cpp_example/environment/ament_prefix_path.dsv
[11.580s] -- Up-to-date: /home/greer92/arduinobot_ws/install/arduinobot_cpp_example/share/arduinobot_cpp_example/environment/path.sh
[11.580s] -- Installing: /home/greer92/arduinobot_ws/install/arduinobot_cpp_example/share/arduinobot_cpp_example/environment/path.dsv
[11.580s] -- Up-to-date: /home/greer92/arduinobot_ws/install/arduinobot_cpp_example/share/arduinobot_cpp_example/local_setup.bash
[11.581s] -- Up-to-date: /home/greer92/arduinobot_ws/install/arduinobot_cpp_example/share/arduinobot_cpp_example/local_setup.sh
[11.581s] -- Up-to-date: /home/greer92/arduinobot_ws/install/arduinobot_cpp_example/share/arduinobot_cpp_example/local_setup.zsh
[11.581s] -- Installing: /home/greer92/arduinobot_ws/install/arduinobot_cpp_example/share/arduinobot_cpp_example/local_setup.dsv
[11.581s] -- Installing: /home/greer92/arduinobot_ws/install/arduinobot_cpp_example/share/arduinobot_cpp_example/package.dsv
[11.581s] -- Up-to-date: /home/greer92/arduinobot_ws/install/arduinobot_cpp_example/share/ament_index/resource_index/packages/arduinobot_cpp_example
[11.581s] -- Up-to-date: /home/greer92/arduinobot_ws/install/arduinobot_cpp_example/share/arduinobot_cpp_example/cmake/arduinobot_cpp_exampleConfig.cmake
[11.581s] -- Up-to-date: /home/greer92/arduinobot_ws/install/arduinobot_cpp_example/share/arduinobot_cpp_example/cmake/arduinobot_cpp_exampleConfig-version.cmake
[11.581s] -- Up-to-date: /home/greer92/arduinobot_ws/install/arduinobot_cpp_example/share/arduinobot_cpp_example/package.xml
[11.583s] Invoked command in '/home/greer92/arduinobot_ws/build/arduinobot_cpp_example' returned '0': CMAKE_PREFIX_PATH=${CMAKE_PREFIX_PATH}:/home/greer92/arduinobot_ws/install/arduinobot_py_example:/opt/ros/humble /usr/bin/cmake --install /home/greer92/arduinobot_ws/build/arduinobot_cpp_example
