[0.808s] Invoking command in '/home/greer92/arduinobot_ws/src/arduinobot_py_example': PYTHONPATH=/home/greer92/arduinobot_ws/build/arduinobot_py_example/prefix_override:/home/greer92/arduinobot_ws/install/arduinobot_py_example/lib/python3.10/site-packages:${PYTHONPATH} /usr/bin/python3 setup.py egg_info --egg-base ../../build/arduinobot_py_example build --build-base /home/greer92/arduinobot_ws/build/arduinobot_py_example/build install --record /home/greer92/arduinobot_ws/build/arduinobot_py_example/install.log --single-version-externally-managed
[1.084s] running egg_info
[1.085s] writing ../../build/arduinobot_py_example/arduinobot_py_example.egg-info/PKG-INFO
[1.085s] writing dependency_links to ../../build/arduinobot_py_example/arduinobot_py_example.egg-info/dependency_links.txt
[1.085s] writing entry points to ../../build/arduinobot_py_example/arduinobot_py_example.egg-info/entry_points.txt
[1.086s] writing requirements to ../../build/arduinobot_py_example/arduinobot_py_example.egg-info/requires.txt
[1.086s] writing top-level names to ../../build/arduinobot_py_example/arduinobot_py_example.egg-info/top_level.txt
[1.088s] reading manifest file '../../build/arduinobot_py_example/arduinobot_py_example.egg-info/SOURCES.txt'
[1.089s] writing manifest file '../../build/arduinobot_py_example/arduinobot_py_example.egg-info/SOURCES.txt'
[1.089s] running build
[1.089s] running build_py
[1.089s] running install
[1.089s] /usr/lib/python3/dist-packages/setuptools/command/install.py:34: SetuptoolsDeprecationWarning: setup.py install is deprecated. Use build and pip and other standards-based tools.
[1.089s]   warnings.warn(
[1.090s] running install_lib
[1.091s] running install_data
[1.091s] running install_egg_info
[1.093s] removing '/home/greer92/arduinobot_ws/install/arduinobot_py_example/lib/python3.10/site-packages/arduinobot_py_example-0.0.0-py3.10.egg-info' (and everything under it)
[1.093s] Copying ../../build/arduinobot_py_example/arduinobot_py_example.egg-info to /home/greer92/arduinobot_ws/install/arduinobot_py_example/lib/python3.10/site-packages/arduinobot_py_example-0.0.0-py3.10.egg-info
[1.094s] running install_scripts
[1.120s] writing list of installed files to '/home/greer92/arduinobot_ws/build/arduinobot_py_example/install.log'
[1.149s] Invoked command in '/home/greer92/arduinobot_ws/src/arduinobot_py_example' returned '0': PYTHONPATH=/home/greer92/arduinobot_ws/build/arduinobot_py_example/prefix_override:/home/greer92/arduinobot_ws/install/arduinobot_py_example/lib/python3.10/site-packages:${PYTHONPATH} /usr/bin/python3 setup.py egg_info --egg-base ../../build/arduinobot_py_example build --build-base /home/greer92/arduinobot_ws/build/arduinobot_py_example/build install --record /home/greer92/arduinobot_ws/build/arduinobot_py_example/install.log --single-version-externally-managed
